#
# A fatal error has been detected by the Java Runtime Environment:
#
#  SIGSEGV (0xb) at pc=0x000000010461be83, pid=3348, tid=25091
#
# JRE version: OpenJDK Runtime Environment Temurin-17.0.1+12 (17.0.1+12) (build 17.0.1+12)
# Java VM: OpenJDK 64-Bit Server VM Temurin-17.0.1+12 (17.0.1+12, mixed mode, sharing, tiered, compressed oops, compressed class ptrs, g1 gc, bsd-amd64)
# Problematic frame:
# V  [libjvm.dylib+0x321e83]  Compile::identify_useful_nodes(Unique_Node_List&)+0x183
#
# No core dump will be written. Core dumps have been disabled. To enable core dumping, try "ulimit -c unlimited" before starting Java again
#
# If you would like to submit a bug report, please visit:
#   https://github.com/adoptium/adoptium-support/issues
#

---------------  S U M M A R Y ------------

Command Line: -ea -Didea.test.cyclic.buffer.size=1048576 -javaagent:/Applications/IntelliJ IDEA.app/Contents/lib/idea_rt.jar=61931:/Applications/IntelliJ IDEA.app/Contents/bin -Dfile.encoding=UTF-8 com.intellij.rt.testng.RemoteTestNGStarter -usedefaultlisteners false -socket61930 @w@/private/var/folders/5s/r45ms75d7ydfv1p3hzj891xc0000gn/T/idea_working_dirs_testng.tmp -temp /private/var/folders/5s/r45ms75d7ydfv1p3hzj891xc0000gn/T/idea_testng.tmp

Host: "MacBookPro16,1" x86_64 2600 MHz, 12 cores, 32G, Darwin 21.2.0, macOS 10.16 (21C52)
Time: Thu Dec 15 15:11:08 2022 EST elapsed time: 1.094158 seconds (0d 0h 0m 1s)

---------------  T H R E A D  ---------------

Current thread (0x00007ff3e080b800):  JavaThread "C2 CompilerThread2" daemon [_thread_in_native, id=25091, stack(0x0000700005e80000,0x0000700005f80000)]


Current CompileTask:
C2:   1094 1314       4       jdk.internal.loader.URLClassPath::getResource (74 bytes)

Stack: [0x0000700005e80000,0x0000700005f80000],  sp=0x0000700005f7e3c0,  free space=1016k
Native frames: (J=compiled Java code, j=interpreted, Vv=VM code, C=native code)
V  [libjvm.dylib+0x321e83]  Compile::identify_useful_nodes(Unique_Node_List&)+0x183
V  [libjvm.dylib+0x8e50af]  PhaseRemoveUseless::PhaseRemoveUseless(PhaseGVN*, Unique_Node_List*, Phase::PhaseNumber)+0xbf
V  [libjvm.dylib+0x32546d]  Compile::inline_string_calls(bool)+0x5d
V  [libjvm.dylib+0x32413e]  Compile::Compile(ciEnv*, ciMethod*, int, bool, bool, bool, bool, bool, DirectiveSet*)+0xdce
V  [libjvm.dylib+0x285f86]  C2Compiler::compile_method(ciEnv*, ciMethod*, int, bool, DirectiveSet*)+0xb6
V  [libjvm.dylib+0x3388d9]  CompileBroker::invoke_compiler_on_method(CompileTask*)+0x659
V  [libjvm.dylib+0x337fae]  CompileBroker::compiler_thread_loop()+0x21e
V  [libjvm.dylib+0xa9e415]  JavaThread::thread_main_inner()+0x145
V  [libjvm.dylib+0xa9c7ca]  Thread::call_run()+0x11a
V  [libjvm.dylib+0x8a9ffb]  thread_native_entry(Thread*)+0x14b
C  [libsystem_pthread.dylib+0x64f4]  _pthread_start+0x7d
C  [libsystem_pthread.dylib+0x200f]  thread_start+0xf


siginfo: si_signo: 11 (SIGSEGV), si_code: 1 (SEGV_MAPERR), si_addr: 0x00007fb3e1b16480

Register to memory mapping:

RAX=0x00007ff3e096b838 points into unknown readable memory: 0x00007ff3e096b5a8 | a8 b5 96 e0 f3 7f 00 00
RBX=0x0 is NULL
RCX=0x0000000000000103 is an unknown value
RDX=0x0000000000000103 is an unknown value
RSP=0x0000700005f7e3c0 is pointing into the stack for thread: 0x00007ff3e080b800
RBP=0x0000700005f7e410 is pointing into the stack for thread: 0x00007ff3e080b800
RSI=0x0000700005f7e470 is pointing into the stack for thread: 0x00007ff3e080b800
RDI=0x00007ff3e096b7f0 points into unknown readable memory: 0x00000001050061f0 | f0 61 00 05 01 00 00 00
R8 =0x0000700005f7e490 is pointing into the stack for thread: 0x00007ff3e080b800
R9 =0xffffffff00000000 is an unknown value
R10=0x00000001050316c0: _ZL8tc_mutex+0x18 in /Library/Java/JavaVirtualMachines/temurin-17.jdk/Contents/Home/lib/server/libjvm.dylib at 0x00000001042fa000
R11=0xfffffffff0240de0 is an unknown value
R12=0x0000000000000010 is an unknown value
R13=0x0000000000000001 is an unknown value
R14=0x0000000000000028 is an unknown value
R15=0x00007fb3e1b16480 is an unknown value


Registers:
RAX=0x00007ff3e096b838, RBX=0x0000000000000000, RCX=0x0000000000000103, RDX=0x0000000000000103
RSP=0x0000700005f7e3c0, RBP=0x0000700005f7e410, RSI=0x0000700005f7e470, RDI=0x00007ff3e096b7f0
R8 =0x0000700005f7e490, R9 =0xffffffff00000000, R10=0x00000001050316c0, R11=0xfffffffff0240de0
R12=0x0000000000000010, R13=0x0000000000000001, R14=0x0000000000000028, R15=0x00007fb3e1b16480
RIP=0x000000010461be83, EFLAGS=0x0000000000010246, ERR=0x0000000000000004
  TRAPNO=0x000000000000000e

Top of Stack: (sp=0x0000700005f7e3c0)
0x0000700005f7e3c0:   00007ff3e09436f0 0000000000000039
0x0000700005f7e3d0:   00007ff3e096b7f0 0000700005f7e490
0x0000700005f7e3e0:   0000700005f7e470 0000700005f7f160
0x0000700005f7e3f0:   0000700005f7e470 0000700005f7e490
0x0000700005f7e400:   0000700005f7e570 0000700005f7e460
0x0000700005f7e410:   0000700005f7e450 0000000104bdf0af
0x0000700005f7e420:   0000700005f7f048 0000700005f7f160
0x0000700005f7e430:   0000000000018360 0000700005f7f8e8
0x0000700005f7e440:   00007ff3e08c33e8 00006000036e5aa0
0x0000700005f7e450:   0000700005f7e560 000000010461f46d
0x0000700005f7e460:   0000700000000002 0000700005f7f160
0x0000700005f7e470:   00006000036e5aa0 0000000000002000
0x0000700005f7e480:   00007ff3a0058010 00007ff3000000a0
0x0000700005f7e490:   0000700000000100 00007ff3d0b03210
0x0000700005f7e4a0:   0000000000000100 00006000036e5aa0
0x0000700005f7e4b0:   0000700000000000 0000700005f7f048
0x0000700005f7e4c0:   0000700005f7e560 0000000104bc49c5
0x0000700005f7e4d0:   00007ff3e1053258 00007ff300000000
0x0000700005f7e4e0:   0000000104ff26d0 00007ff300000001
0x0000700005f7e4f0:   0000700005f7f160 0000700005f7fc70
0x0000700005f7e500:   0000700005f7e570 00007ff3d0b43448
0x0000700005f7e510:   0000000000000000 00007000ffffffff
0x0000700005f7e520:   00007ff3e08bb400 00007ff3e08c2410
0x0000700005f7e530:   0000000100000000 0000000000000001
0x0000700005f7e540:   0000700005f7f160 0000700005f7f8e8
0x0000700005f7e550:   0000700005f7ef98 00007ff3e29ad858
0x0000700005f7e560:   0000700005f7f130 000000010461e13e
0x0000700005f7e570:   0000000105003af8 0000000000000005
0x0000700005f7e580:   0000700005f7f160 0000700005f7f3c8
0x0000700005f7e590:   0000700005f7f3c8 0000000000000004
0x0000700005f7e5a0:   00007ff3e1b164c8 0000000000000000
0x0000700005f7e5b0:   0000700005f7f3c8 0000000000002000 

Instructions: (pc=0x000000010461be83)
0x000000010461bd83:   b8 0f a3 d9 72 2a 8b 46 08 44 8b 7e 18 41 8d 4f
0x000000010461bd93:   01 89 4e 18 44 39 f8 77 0f 48 89 f7 44 89 fe e8
0x000000010461bda3:   89 5b 56 00 48 8b 75 d0 48 8b 46 10 4e 89 24 f8
0x000000010461bdb3:   4d 8b be d0 02 00 00 4d 85 ff 74 61 41 8b 5f 28
0x000000010461bdc3:   49 89 de 49 c1 ee 05 44 3b 76 20 72 10 48 8d 7e
0x000000010461bdd3:   20 44 89 f6 e8 74 0c 7d 00 48 8b 75 d0 48 8b 46
0x000000010461bde3:   28 42 8b 0c b0 89 ca 0f ab da 42 89 14 b0 0f a3
0x000000010461bdf3:   d9 72 2a 8b 46 08 44 8b 76 18 41 8d 4e 01 89 4e
0x000000010461be03:   18 44 39 f0 77 0f 48 89 f7 44 89 f6 e8 1c 5b 56
0x000000010461be13:   00 48 8b 75 d0 48 8b 46 10 4e 89 3c f0 83 7e 18
0x000000010461be23:   00 0f 84 09 01 00 00 4c 8d 46 20 31 c9 4c 89 45
0x000000010461be33:   c8 66 2e 0f 1f 84 00 00 00 00 00 66 90 48 8b 46
0x000000010461be43:   10 48 89 4d b8 48 8b 3c c8 44 8b 77 1c 4d 85 f6
0x000000010461be53:   0f 84 c7 00 00 00 49 c1 e6 03 45 31 e4 48 89 7d
0x000000010461be63:   c0 66 2e 0f 1f 84 00 00 00 00 00 66 90 48 8b 47
0x000000010461be73:   08 4e 8b 3c 20 4d 85 ff 74 53 41 f6 c7 01 75 4d
0x000000010461be83:   49 83 3f fe 74 47 45 8b 6f 28 4c 89 eb 48 c1 eb
0x000000010461be93:   05 41 3b 18 72 17 48 8b 7d c8 89 de e8 ac 0b 7d
0x000000010461bea3:   00 48 8b 7d c0 4c 8b 45 c8 48 8b 75 d0 48 8b 46
0x000000010461beb3:   28 8b 0c 98 89 ca 44 0f ab ea 89 14 98 44 0f a3
0x000000010461bec3:   e9 73 15 66 2e 0f 1f 84 00 00 00 00 00 49 83 c4
0x000000010461bed3:   08 4d 39 e6 75 97 eb 45 8b 46 08 8b 5e 18 8d 4b
0x000000010461bee3:   01 89 4e 18 39 d8 77 16 48 89 f7 89 de e8 3b 5a
0x000000010461bef3:   56 00 48 8b 7d c0 4c 8b 45 c8 48 8b 75 d0 48 8b
0x000000010461bf03:   46 10 4c 89 3c d8 49 83 c4 08 4d 39 e6 0f 85 5a
0x000000010461bf13:   ff ff ff 66 2e 0f 1f 84 00 00 00 00 00 48 8b 4d
0x000000010461bf23:   b8 48 ff c1 8b 46 18 48 39 c1 0f 82 0d ff ff ff
0x000000010461bf33:   48 83 c4 28 5b 41 5c 41 5d 41 5e 41 5f 5d c3 66
0x000000010461bf43:   2e 0f 1f 84 00 00 00 00 00 0f 1f 40 00 55 48 89
0x000000010461bf53:   e5 41 57 41 56 41 55 41 54 53 50 44 8b bf 38 02
0x000000010461bf63:   00 00 45 85 ff 0f 84 7f 00 00 00 49 89 f5 4c 8d
0x000000010461bf73:   a7 40 02 00 00 31 db 48 89 7d d0 66 90 41 89 de 


Stack slot to memory mapping:
stack at sp + 0 slots: 0x00007ff3e09436f0 points into unknown readable memory: 0x0000000000000000 | 00 00 00 00 00 00 00 00
stack at sp + 1 slots: 0x0000000000000039 is an unknown value
stack at sp + 2 slots: 0x00007ff3e096b7f0 points into unknown readable memory: 0x00000001050061f0 | f0 61 00 05 01 00 00 00
stack at sp + 3 slots: 0x0000700005f7e490 is pointing into the stack for thread: 0x00007ff3e080b800
stack at sp + 4 slots: 0x0000700005f7e470 is pointing into the stack for thread: 0x00007ff3e080b800
stack at sp + 5 slots: 0x0000700005f7f160 is pointing into the stack for thread: 0x00007ff3e080b800
stack at sp + 6 slots: 0x0000700005f7e470 is pointing into the stack for thread: 0x00007ff3e080b800
stack at sp + 7 slots: 0x0000700005f7e490 is pointing into the stack for thread: 0x00007ff3e080b800


---------------  P R O C E S S  ---------------

Threads class SMR info:
_java_thread_list=0x000060000388daa0, length=22, elements={
0x00007ff3e100f800, 0x00007ff3e103bc00, 0x00007ff3e103e400, 0x00007ff3e20ce600,
0x00007ff3e281da00, 0x00007ff3e281e000, 0x00007ff3e280fe00, 0x00007ff3e2810400,
0x00007ff3e2810a00, 0x00007ff3e0812c00, 0x00007ff3e1087400, 0x00007ff3e1087a00,
0x00007ff3e103d800, 0x00007ff3e080b800, 0x00007ff3d0888c00, 0x00007ff3e10bb000,
0x00007ff3d0821800, 0x00007ff3e20cda00, 0x00007ff390883a00, 0x00007ff3e20d0800,
0x00007ff3d0822800, 0x00007ff3b1870200
}

Java Threads: ( => current thread )
  0x00007ff3e100f800 JavaThread "main" [_thread_in_vm, id=6147, stack(0x000070000493e000,0x0000700004a3e000)]
  0x00007ff3e103bc00 JavaThread "Reference Handler" daemon [_thread_blocked, id=15875, stack(0x0000700005053000,0x0000700005153000)]
  0x00007ff3e103e400 JavaThread "Finalizer" daemon [_thread_blocked, id=16899, stack(0x0000700005156000,0x0000700005256000)]
  0x00007ff3e20ce600 JavaThread "Signal Dispatcher" daemon [_thread_blocked, id=41731, stack(0x000070000535f000,0x000070000545f000)]
  0x00007ff3e281da00 JavaThread "Service Thread" daemon [_thread_blocked, id=22275, stack(0x0000700005462000,0x0000700005562000)]
  0x00007ff3e281e000 JavaThread "Monitor Deflation Thread" daemon [_thread_blocked, id=40963, stack(0x0000700005565000,0x0000700005665000)]
  0x00007ff3e280fe00 JavaThread "C2 CompilerThread0" daemon [_thread_in_native, id=40451, stack(0x0000700005668000,0x0000700005768000)]
  0x00007ff3e2810400 JavaThread "C1 CompilerThread0" daemon [_thread_blocked, id=22531, stack(0x000070000576b000,0x000070000586b000)]
  0x00007ff3e2810a00 JavaThread "Sweeper thread" daemon [_thread_blocked, id=39939, stack(0x000070000586e000,0x000070000596e000)]
  0x00007ff3e0812c00 JavaThread "Common-Cleaner" daemon [_thread_blocked, id=23299, stack(0x0000700005971000,0x0000700005a71000)]
  0x00007ff3e1087400 JavaThread "Monitor Ctrl-Break" daemon [_thread_in_native, id=39683, stack(0x0000700005a74000,0x0000700005b74000)]
  0x00007ff3e1087a00 JavaThread "Notification Thread" daemon [_thread_blocked, id=39427, stack(0x0000700005b77000,0x0000700005c77000)]
  0x00007ff3e103d800 JavaThread "C2 CompilerThread1" daemon [_thread_in_native, id=24579, stack(0x0000700005d7d000,0x0000700005e7d000)]
=>0x00007ff3e080b800 JavaThread "C2 CompilerThread2" daemon [_thread_in_native, id=25091, stack(0x0000700005e80000,0x0000700005f80000)]
  0x00007ff3d0888c00 JavaThread "Exec Default Executor" daemon [_thread_blocked, id=25347, stack(0x0000700005f83000,0x0000700006083000)]
  0x00007ff3e10bb000 JavaThread "UrlChecker-2" daemon [_thread_blocked, id=38403, stack(0x0000700006086000,0x0000700006186000)]
  0x00007ff3d0821800 JavaThread "process reaper" daemon [_thread_in_native, id=34819, stack(0x0000700006aa4000,0x0000700006ac8000)]
  0x00007ff3e20cda00 JavaThread "Exec Stream Pumper" daemon [_thread_in_native, id=34307, stack(0x0000700006acb000,0x0000700006bcb000)]
  0x00007ff390883a00 JavaThread "Exec Stream Pumper" daemon [_thread_in_native, id=33795, stack(0x0000700006bce000,0x0000700006cce000)]
  0x00007ff3e20d0800 JavaThread "Keep-Alive-Timer" daemon [_thread_blocked, id=27139, stack(0x0000700006cd1000,0x0000700006dd1000)]
  0x00007ff3d0822800 JavaThread "ForkJoinPool.commonPool-worker-1" daemon [_thread_blocked, id=33027, stack(0x0000700006dd4000,0x0000700006ed4000)]
  0x00007ff3b1870200 JavaThread "Attach Listener" daemon [_thread_blocked, id=27651, stack(0x0000700006ed7000,0x0000700006fd7000)]

Other Threads:
  0x00007ff3e190a950 VMThread "VM Thread" [stack: 0x0000700004f50000,0x0000700005050000] [id=15107]
  0x00007ff3e070bf30 WatcherThread [stack: 0x0000700005c7a000,0x0000700005d7a000] [id=24323]
  0x00007ff3e0708b90 GCTaskThread "GC Thread#0" [stack: 0x0000700004a41000,0x0000700004b41000] [id=19459]
  0x00007ff3b1104d60 GCTaskThread "GC Thread#1" [stack: 0x0000700006189000,0x0000700006289000] [id=37891]
  0x00007ff3c1805070 GCTaskThread "GC Thread#2" [stack: 0x000070000628c000,0x000070000638c000] [id=37379]
  0x00007ff3c18054e0 GCTaskThread "GC Thread#3" [stack: 0x000070000638f000,0x000070000648f000] [id=37123]
  0x00007ff3c1805950 GCTaskThread "GC Thread#4" [stack: 0x0000700006492000,0x0000700006592000] [id=36867]
  0x00007ff3c1805dc0 GCTaskThread "GC Thread#5" [stack: 0x0000700006595000,0x0000700006695000] [id=36355]
  0x00007ff3c1806230 GCTaskThread "GC Thread#6" [stack: 0x0000700006698000,0x0000700006798000] [id=26371]
  0x00007ff3c18066a0 GCTaskThread "GC Thread#7" [stack: 0x000070000679b000,0x000070000689b000] [id=36099]
  0x00007ff3c1806b10 GCTaskThread "GC Thread#8" [stack: 0x000070000689e000,0x000070000699e000] [id=35587]
  0x00007ff3c1806f80 GCTaskThread "GC Thread#9" [stack: 0x00007000069a1000,0x0000700006aa1000] [id=35331]
  0x00007ff3e1c04470 ConcurrentGCThread "G1 Main Marker" [stack: 0x0000700004b44000,0x0000700004c44000] [id=12291]
  0x00007ff3e1904580 ConcurrentGCThread "G1 Conc#0" [stack: 0x0000700004c47000,0x0000700004d47000] [id=12803]
  0x00007ff3e19075e0 ConcurrentGCThread "G1 Refine#0" [stack: 0x0000700004d4a000,0x0000700004e4a000] [id=13315]
  0x00007ff3e1907e70 ConcurrentGCThread "G1 Service" [stack: 0x0000700004e4d000,0x0000700004f4d000] [id=13571]

Threads with active compile tasks:
C2 CompilerThread0     1126 1041       4       jdk.internal.org.objectweb.asm.Frame::execute (2305 bytes)
C2 CompilerThread1     1126 1327       4       java.util.HashMap::get (19 bytes)
C2 CompilerThread2     1127 1314       4       jdk.internal.loader.URLClassPath::getResource (74 bytes)

VM state: not at safepoint (normal execution)

VM Mutex/Monitor currently owned by a thread: None

Heap address: 0x0000000600000000, size: 8192 MB, Compressed Oops mode: Zero based, Oop shift amount: 3

CDS archive(s) mapped at: [0x0000000800000000-0x0000000800bd0000-0x0000000800bd0000), size 12386304, SharedBaseAddress: 0x0000000800000000, ArchiveRelocationMode: 0.
Compressed class space mapped at: 0x0000000800c00000-0x0000000840c00000, reserved size: 1073741824
Narrow klass base: 0x0000000800000000, Narrow klass shift: 0, Narrow klass range: 0x100000000

GC Precious Log:
 CPUs: 12 total, 12 available
 Memory: 32768M
 Large Page Support: Disabled
 NUMA Support: Disabled
 Compressed Oops: Enabled (Zero based)
 Heap Region Size: 4M
 Heap Min Capacity: 8M
 Heap Initial Capacity: 512M
 Heap Max Capacity: 8G
 Pre-touch: Disabled
 Parallel Workers: 10
 Concurrent Workers: 3
 Concurrent Refinement Workers: 10
 Periodic GC: Disabled

Heap:
 garbage-first heap   total 532480K, used 12513K [0x0000000600000000, 0x0000000800000000)
  region size 4096K, 3 young (12288K), 1 survivors (4096K)
 Metaspace       used 9162K, committed 9408K, reserved 1064960K
  class space    used 1129K, committed 1216K, reserved 1048576K

Heap Regions: E=young(eden), S=young(survivor), O=old, HS=humongous(starts), HC=humongous(continues), CS=collection set, F=free, OA=open archive, CA=closed archive, TAMS=top-at-mark-start (previous, next)
|   0|0x0000000600000000, 0x0000000600043400, 0x0000000600400000|  6%| O|  |TAMS 0x0000000600000000, 0x0000000600000000| Untracked 
|   1|0x0000000600400000, 0x0000000600400000, 0x0000000600800000|  0%| F|  |TAMS 0x0000000600400000, 0x0000000600400000| Untracked 
|   2|0x0000000600800000, 0x0000000600800000, 0x0000000600c00000|  0%| F|  |TAMS 0x0000000600800000, 0x0000000600800000| Untracked 
|   3|0x0000000600c00000, 0x0000000600c00000, 0x0000000601000000|  0%| F|  |TAMS 0x0000000600c00000, 0x0000000600c00000| Untracked 
|   4|0x0000000601000000, 0x0000000601000000, 0x0000000601400000|  0%| F|  |TAMS 0x0000000601000000, 0x0000000601000000| Untracked 
|   5|0x0000000601400000, 0x0000000601400000, 0x0000000601800000|  0%| F|  |TAMS 0x0000000601400000, 0x0000000601400000| Untracked 
|   6|0x0000000601800000, 0x0000000601800000, 0x0000000601c00000|  0%| F|  |TAMS 0x0000000601800000, 0x0000000601800000| Untracked 
|   7|0x0000000601c00000, 0x0000000601c00000, 0x0000000602000000|  0%| F|  |TAMS 0x0000000601c00000, 0x0000000601c00000| Untracked 
|   8|0x0000000602000000, 0x0000000602000000, 0x0000000602400000|  0%| F|  |TAMS 0x0000000602000000, 0x0000000602000000| Untracked 
|   9|0x0000000602400000, 0x0000000602400000, 0x0000000602800000|  0%| F|  |TAMS 0x0000000602400000, 0x0000000602400000| Untracked 
|  10|0x0000000602800000, 0x0000000602800000, 0x0000000602c00000|  0%| F|  |TAMS 0x0000000602800000, 0x0000000602800000| Untracked 
|  11|0x0000000602c00000, 0x0000000602c00000, 0x0000000603000000|  0%| F|  |TAMS 0x0000000602c00000, 0x0000000602c00000| Untracked 
|  12|0x0000000603000000, 0x0000000603000000, 0x0000000603400000|  0%| F|  |TAMS 0x0000000603000000, 0x0000000603000000| Untracked 
|  13|0x0000000603400000, 0x0000000603400000, 0x0000000603800000|  0%| F|  |TAMS 0x0000000603400000, 0x0000000603400000| Untracked 
|  14|0x0000000603800000, 0x0000000603800000, 0x0000000603c00000|  0%| F|  |TAMS 0x0000000603800000, 0x0000000603800000| Untracked 
|  15|0x0000000603c00000, 0x0000000603c00000, 0x0000000604000000|  0%| F|  |TAMS 0x0000000603c00000, 0x0000000603c00000| Untracked 
|  16|0x0000000604000000, 0x0000000604000000, 0x0000000604400000|  0%| F|  |TAMS 0x0000000604000000, 0x0000000604000000| Untracked 
|  17|0x0000000604400000, 0x0000000604400000, 0x0000000604800000|  0%| F|  |TAMS 0x0000000604400000, 0x0000000604400000| Untracked 
|  18|0x0000000604800000, 0x0000000604800000, 0x0000000604c00000|  0%| F|  |TAMS 0x0000000604800000, 0x0000000604800000| Untracked 
|  19|0x0000000604c00000, 0x0000000604c00000, 0x0000000605000000|  0%| F|  |TAMS 0x0000000604c00000, 0x0000000604c00000| Untracked 
|  20|0x0000000605000000, 0x0000000605000000, 0x0000000605400000|  0%| F|  |TAMS 0x0000000605000000, 0x0000000605000000| Untracked 
|  21|0x0000000605400000, 0x0000000605400000, 0x0000000605800000|  0%| F|  |TAMS 0x0000000605400000, 0x0000000605400000| Untracked 
|  22|0x0000000605800000, 0x0000000605800000, 0x0000000605c00000|  0%| F|  |TAMS 0x0000000605800000, 0x0000000605800000| Untracked 
|  23|0x0000000605c00000, 0x0000000605c00000, 0x0000000606000000|  0%| F|  |TAMS 0x0000000605c00000, 0x0000000605c00000| Untracked 
|  24|0x0000000606000000, 0x0000000606000000, 0x0000000606400000|  0%| F|  |TAMS 0x0000000606000000, 0x0000000606000000| Untracked 
|  25|0x0000000606400000, 0x0000000606400000, 0x0000000606800000|  0%| F|  |TAMS 0x0000000606400000, 0x0000000606400000| Untracked 
|  26|0x0000000606800000, 0x0000000606800000, 0x0000000606c00000|  0%| F|  |TAMS 0x0000000606800000, 0x0000000606800000| Untracked 
|  27|0x0000000606c00000, 0x0000000606c00000, 0x0000000607000000|  0%| F|  |TAMS 0x0000000606c00000, 0x0000000606c00000| Untracked 
|  28|0x0000000607000000, 0x0000000607000000, 0x0000000607400000|  0%| F|  |TAMS 0x0000000607000000, 0x0000000607000000| Untracked 
|  29|0x0000000607400000, 0x0000000607400000, 0x0000000607800000|  0%| F|  |TAMS 0x0000000607400000, 0x0000000607400000| Untracked 
|  30|0x0000000607800000, 0x0000000607800000, 0x0000000607c00000|  0%| F|  |TAMS 0x0000000607800000, 0x0000000607800000| Untracked 
|  31|0x0000000607c00000, 0x0000000607c00000, 0x0000000608000000|  0%| F|  |TAMS 0x0000000607c00000, 0x0000000607c00000| Untracked 
|  32|0x0000000608000000, 0x0000000608000000, 0x0000000608400000|  0%| F|  |TAMS 0x0000000608000000, 0x0000000608000000| Untracked 
|  33|0x0000000608400000, 0x0000000608400000, 0x0000000608800000|  0%| F|  |TAMS 0x0000000608400000, 0x0000000608400000| Untracked 
|  34|0x0000000608800000, 0x0000000608800000, 0x0000000608c00000|  0%| F|  |TAMS 0x0000000608800000, 0x0000000608800000| Untracked 
|  35|0x0000000608c00000, 0x0000000608c00000, 0x0000000609000000|  0%| F|  |TAMS 0x0000000608c00000, 0x0000000608c00000| Untracked 
|  36|0x0000000609000000, 0x0000000609000000, 0x0000000609400000|  0%| F|  |TAMS 0x0000000609000000, 0x0000000609000000| Untracked 
|  37|0x0000000609400000, 0x0000000609400000, 0x0000000609800000|  0%| F|  |TAMS 0x0000000609400000, 0x0000000609400000| Untracked 
|  38|0x0000000609800000, 0x0000000609800000, 0x0000000609c00000|  0%| F|  |TAMS 0x0000000609800000, 0x0000000609800000| Untracked 
|  39|0x0000000609c00000, 0x0000000609c00000, 0x000000060a000000|  0%| F|  |TAMS 0x0000000609c00000, 0x0000000609c00000| Untracked 
|  40|0x000000060a000000, 0x000000060a000000, 0x000000060a400000|  0%| F|  |TAMS 0x000000060a000000, 0x000000060a000000| Untracked 
|  41|0x000000060a400000, 0x000000060a400000, 0x000000060a800000|  0%| F|  |TAMS 0x000000060a400000, 0x000000060a400000| Untracked 
|  42|0x000000060a800000, 0x000000060a800000, 0x000000060ac00000|  0%| F|  |TAMS 0x000000060a800000, 0x000000060a800000| Untracked 
|  43|0x000000060ac00000, 0x000000060ac00000, 0x000000060b000000|  0%| F|  |TAMS 0x000000060ac00000, 0x000000060ac00000| Untracked 
|  44|0x000000060b000000, 0x000000060b000000, 0x000000060b400000|  0%| F|  |TAMS 0x000000060b000000, 0x000000060b000000| Untracked 
|  45|0x000000060b400000, 0x000000060b400000, 0x000000060b800000|  0%| F|  |TAMS 0x000000060b400000, 0x000000060b400000| Untracked 
|  46|0x000000060b800000, 0x000000060b800000, 0x000000060bc00000|  0%| F|  |TAMS 0x000000060b800000, 0x000000060b800000| Untracked 
|  47|0x000000060bc00000, 0x000000060bc00000, 0x000000060c000000|  0%| F|  |TAMS 0x000000060bc00000, 0x000000060bc00000| Untracked 
|  48|0x000000060c000000, 0x000000060c000000, 0x000000060c400000|  0%| F|  |TAMS 0x000000060c000000, 0x000000060c000000| Untracked 
|  49|0x000000060c400000, 0x000000060c400000, 0x000000060c800000|  0%| F|  |TAMS 0x000000060c400000, 0x000000060c400000| Untracked 
|  50|0x000000060c800000, 0x000000060c800000, 0x000000060cc00000|  0%| F|  |TAMS 0x000000060c800000, 0x000000060c800000| Untracked 
|  51|0x000000060cc00000, 0x000000060cc00000, 0x000000060d000000|  0%| F|  |TAMS 0x000000060cc00000, 0x000000060cc00000| Untracked 
|  52|0x000000060d000000, 0x000000060d000000, 0x000000060d400000|  0%| F|  |TAMS 0x000000060d000000, 0x000000060d000000| Untracked 
|  53|0x000000060d400000, 0x000000060d400000, 0x000000060d800000|  0%| F|  |TAMS 0x000000060d400000, 0x000000060d400000| Untracked 
|  54|0x000000060d800000, 0x000000060d800000, 0x000000060dc00000|  0%| F|  |TAMS 0x000000060d800000, 0x000000060d800000| Untracked 
|  55|0x000000060dc00000, 0x000000060dc00000, 0x000000060e000000|  0%| F|  |TAMS 0x000000060dc00000, 0x000000060dc00000| Untracked 
|  56|0x000000060e000000, 0x000000060e000000, 0x000000060e400000|  0%| F|  |TAMS 0x000000060e000000, 0x000000060e000000| Untracked 
|  57|0x000000060e400000, 0x000000060e400000, 0x000000060e800000|  0%| F|  |TAMS 0x000000060e400000, 0x000000060e400000| Untracked 
|  58|0x000000060e800000, 0x000000060e800000, 0x000000060ec00000|  0%| F|  |TAMS 0x000000060e800000, 0x000000060e800000| Untracked 
|  59|0x000000060ec00000, 0x000000060ec00000, 0x000000060f000000|  0%| F|  |TAMS 0x000000060ec00000, 0x000000060ec00000| Untracked 
|  60|0x000000060f000000, 0x000000060f000000, 0x000000060f400000|  0%| F|  |TAMS 0x000000060f000000, 0x000000060f000000| Untracked 
|  61|0x000000060f400000, 0x000000060f400000, 0x000000060f800000|  0%| F|  |TAMS 0x000000060f400000, 0x000000060f400000| Untracked 
|  62|0x000000060f800000, 0x000000060f800000, 0x000000060fc00000|  0%| F|  |TAMS 0x000000060f800000, 0x000000060f800000| Untracked 
|  63|0x000000060fc00000, 0x000000060fc00000, 0x0000000610000000|  0%| F|  |TAMS 0x000000060fc00000, 0x000000060fc00000| Untracked 
|  64|0x0000000610000000, 0x0000000610000000, 0x0000000610400000|  0%| F|  |TAMS 0x0000000610000000, 0x0000000610000000| Untracked 
|  65|0x0000000610400000, 0x0000000610400000, 0x0000000610800000|  0%| F|  |TAMS 0x0000000610400000, 0x0000000610400000| Untracked 
|  66|0x0000000610800000, 0x0000000610800000, 0x0000000610c00000|  0%| F|  |TAMS 0x0000000610800000, 0x0000000610800000| Untracked 
|  67|0x0000000610c00000, 0x0000000610c00000, 0x0000000611000000|  0%| F|  |TAMS 0x0000000610c00000, 0x0000000610c00000| Untracked 
|  68|0x0000000611000000, 0x0000000611000000, 0x0000000611400000|  0%| F|  |TAMS 0x0000000611000000, 0x0000000611000000| Untracked 
|  69|0x0000000611400000, 0x0000000611400000, 0x0000000611800000|  0%| F|  |TAMS 0x0000000611400000, 0x0000000611400000| Untracked 
|  70|0x0000000611800000, 0x0000000611800000, 0x0000000611c00000|  0%| F|  |TAMS 0x0000000611800000, 0x0000000611800000| Untracked 
|  71|0x0000000611c00000, 0x0000000611c00000, 0x0000000612000000|  0%| F|  |TAMS 0x0000000611c00000, 0x0000000611c00000| Untracked 
|  72|0x0000000612000000, 0x0000000612000000, 0x0000000612400000|  0%| F|  |TAMS 0x0000000612000000, 0x0000000612000000| Untracked 
|  73|0x0000000612400000, 0x0000000612400000, 0x0000000612800000|  0%| F|  |TAMS 0x0000000612400000, 0x0000000612400000| Untracked 
|  74|0x0000000612800000, 0x0000000612800000, 0x0000000612c00000|  0%| F|  |TAMS 0x0000000612800000, 0x0000000612800000| Untracked 
|  75|0x0000000612c00000, 0x0000000612c00000, 0x0000000613000000|  0%| F|  |TAMS 0x0000000612c00000, 0x0000000612c00000| Untracked 
|  76|0x0000000613000000, 0x0000000613000000, 0x0000000613400000|  0%| F|  |TAMS 0x0000000613000000, 0x0000000613000000| Untracked 
|  77|0x0000000613400000, 0x0000000613400000, 0x0000000613800000|  0%| F|  |TAMS 0x0000000613400000, 0x0000000613400000| Untracked 
|  78|0x0000000613800000, 0x0000000613800000, 0x0000000613c00000|  0%| F|  |TAMS 0x0000000613800000, 0x0000000613800000| Untracked 
|  79|0x0000000613c00000, 0x0000000613c00000, 0x0000000614000000|  0%| F|  |TAMS 0x0000000613c00000, 0x0000000613c00000| Untracked 
|  80|0x0000000614000000, 0x0000000614000000, 0x0000000614400000|  0%| F|  |TAMS 0x0000000614000000, 0x0000000614000000| Untracked 
|  81|0x0000000614400000, 0x0000000614400000, 0x0000000614800000|  0%| F|  |TAMS 0x0000000614400000, 0x0000000614400000| Untracked 
|  82|0x0000000614800000, 0x0000000614800000, 0x0000000614c00000|  0%| F|  |TAMS 0x0000000614800000, 0x0000000614800000| Untracked 
|  83|0x0000000614c00000, 0x0000000614c00000, 0x0000000615000000|  0%| F|  |TAMS 0x0000000614c00000, 0x0000000614c00000| Untracked 
|  84|0x0000000615000000, 0x0000000615000000, 0x0000000615400000|  0%| F|  |TAMS 0x0000000615000000, 0x0000000615000000| Untracked 
|  85|0x0000000615400000, 0x0000000615400000, 0x0000000615800000|  0%| F|  |TAMS 0x0000000615400000, 0x0000000615400000| Untracked 
|  86|0x0000000615800000, 0x0000000615800000, 0x0000000615c00000|  0%| F|  |TAMS 0x0000000615800000, 0x0000000615800000| Untracked 
|  87|0x0000000615c00000, 0x0000000615c00000, 0x0000000616000000|  0%| F|  |TAMS 0x0000000615c00000, 0x0000000615c00000| Untracked 
|  88|0x0000000616000000, 0x0000000616000000, 0x0000000616400000|  0%| F|  |TAMS 0x0000000616000000, 0x0000000616000000| Untracked 
|  89|0x0000000616400000, 0x0000000616400000, 0x0000000616800000|  0%| F|  |TAMS 0x0000000616400000, 0x0000000616400000| Untracked 
|  90|0x0000000616800000, 0x0000000616800000, 0x0000000616c00000|  0%| F|  |TAMS 0x0000000616800000, 0x0000000616800000| Untracked 
|  91|0x0000000616c00000, 0x0000000616c00000, 0x0000000617000000|  0%| F|  |TAMS 0x0000000616c00000, 0x0000000616c00000| Untracked 
|  92|0x0000000617000000, 0x0000000617000000, 0x0000000617400000|  0%| F|  |TAMS 0x0000000617000000, 0x0000000617000000| Untracked 
|  93|0x0000000617400000, 0x0000000617400000, 0x0000000617800000|  0%| F|  |TAMS 0x0000000617400000, 0x0000000617400000| Untracked 
|  94|0x0000000617800000, 0x0000000617800000, 0x0000000617c00000|  0%| F|  |TAMS 0x0000000617800000, 0x0000000617800000| Untracked 
|  95|0x0000000617c00000, 0x0000000617c00000, 0x0000000618000000|  0%| F|  |TAMS 0x0000000617c00000, 0x0000000617c00000| Untracked 
|  96|0x0000000618000000, 0x0000000618000000, 0x0000000618400000|  0%| F|  |TAMS 0x0000000618000000, 0x0000000618000000| Untracked 
|  97|0x0000000618400000, 0x0000000618400000, 0x0000000618800000|  0%| F|  |TAMS 0x0000000618400000, 0x0000000618400000| Untracked 
|  98|0x0000000618800000, 0x0000000618800000, 0x0000000618c00000|  0%| F|  |TAMS 0x0000000618800000, 0x0000000618800000| Untracked 
|  99|0x0000000618c00000, 0x0000000618c00000, 0x0000000619000000|  0%| F|  |TAMS 0x0000000618c00000, 0x0000000618c00000| Untracked 
| 100|0x0000000619000000, 0x0000000619000000, 0x0000000619400000|  0%| F|  |TAMS 0x0000000619000000, 0x0000000619000000| Untracked 
| 101|0x0000000619400000, 0x0000000619400000, 0x0000000619800000|  0%| F|  |TAMS 0x0000000619400000, 0x0000000619400000| Untracked 
| 102|0x0000000619800000, 0x0000000619800000, 0x0000000619c00000|  0%| F|  |TAMS 0x0000000619800000, 0x0000000619800000| Untracked 
| 103|0x0000000619c00000, 0x0000000619c00000, 0x000000061a000000|  0%| F|  |TAMS 0x0000000619c00000, 0x0000000619c00000| Untracked 
| 104|0x000000061a000000, 0x000000061a000000, 0x000000061a400000|  0%| F|  |TAMS 0x000000061a000000, 0x000000061a000000| Untracked 
| 105|0x000000061a400000, 0x000000061a400000, 0x000000061a800000|  0%| F|  |TAMS 0x000000061a400000, 0x000000061a400000| Untracked 
| 106|0x000000061a800000, 0x000000061a800000, 0x000000061ac00000|  0%| F|  |TAMS 0x000000061a800000, 0x000000061a800000| Untracked 
| 107|0x000000061ac00000, 0x000000061ac00000, 0x000000061b000000|  0%| F|  |TAMS 0x000000061ac00000, 0x000000061ac00000| Untracked 
| 108|0x000000061b000000, 0x000000061b000000, 0x000000061b400000|  0%| F|  |TAMS 0x000000061b000000, 0x000000061b000000| Untracked 
| 109|0x000000061b400000, 0x000000061b400000, 0x000000061b800000|  0%| F|  |TAMS 0x000000061b400000, 0x000000061b400000| Untracked 
| 110|0x000000061b800000, 0x000000061b800000, 0x000000061bc00000|  0%| F|  |TAMS 0x000000061b800000, 0x000000061b800000| Untracked 
| 111|0x000000061bc00000, 0x000000061bc00000, 0x000000061c000000|  0%| F|  |TAMS 0x000000061bc00000, 0x000000061bc00000| Untracked 
| 112|0x000000061c000000, 0x000000061c000000, 0x000000061c400000|  0%| F|  |TAMS 0x000000061c000000, 0x000000061c000000| Untracked 
| 113|0x000000061c400000, 0x000000061c400000, 0x000000061c800000|  0%| F|  |TAMS 0x000000061c400000, 0x000000061c400000| Untracked 
| 114|0x000000061c800000, 0x000000061c800000, 0x000000061cc00000|  0%| F|  |TAMS 0x000000061c800000, 0x000000061c800000| Untracked 
| 115|0x000000061cc00000, 0x000000061cc00000, 0x000000061d000000|  0%| F|  |TAMS 0x000000061cc00000, 0x000000061cc00000| Untracked 
| 116|0x000000061d000000, 0x000000061d000000, 0x000000061d400000|  0%| F|  |TAMS 0x000000061d000000, 0x000000061d000000| Untracked 
| 117|0x000000061d400000, 0x000000061d400000, 0x000000061d800000|  0%| F|  |TAMS 0x000000061d400000, 0x000000061d400000| Untracked 
| 118|0x000000061d800000, 0x000000061d800000, 0x000000061dc00000|  0%| F|  |TAMS 0x000000061d800000, 0x000000061d800000| Untracked 
| 119|0x000000061dc00000, 0x000000061dc00000, 0x000000061e000000|  0%| F|  |TAMS 0x000000061dc00000, 0x000000061dc00000| Untracked 
| 120|0x000000061e000000, 0x000000061e000000, 0x000000061e400000|  0%| F|  |TAMS 0x000000061e000000, 0x000000061e000000| Untracked 
| 121|0x000000061e400000, 0x000000061e800000, 0x000000061e800000|100%| S|CS|TAMS 0x000000061e400000, 0x000000061e400000| Complete 
| 122|0x000000061e800000, 0x000000061e800000, 0x000000061ec00000|  0%| F|  |TAMS 0x000000061e800000, 0x000000061e800000| Untracked 
| 123|0x000000061ec00000, 0x000000061ec00000, 0x000000061f000000|  0%| F|  |TAMS 0x000000061ec00000, 0x000000061ec00000| Untracked 
| 124|0x000000061f000000, 0x000000061f000000, 0x000000061f400000|  0%| F|  |TAMS 0x000000061f000000, 0x000000061f000000| Untracked 
| 125|0x000000061f400000, 0x000000061f400000, 0x000000061f800000|  0%| F|  |TAMS 0x000000061f400000, 0x000000061f400000| Untracked 
| 126|0x000000061f800000, 0x000000061fb98f40, 0x000000061fc00000| 89%| E|  |TAMS 0x000000061f800000, 0x000000061f800000| Complete 
| 127|0x000000061fc00000, 0x0000000620000000, 0x0000000620000000|100%| E|CS|TAMS 0x000000061fc00000, 0x000000061fc00000| Complete 
|2046|0x00000007ff800000, 0x00000007ffb76000, 0x00000007ffc00000| 86%|OA|  |TAMS 0x00000007ff800000, 0x00000007ff800000| Untracked 
|2047|0x00000007ffc00000, 0x00000007ffc7f000, 0x0000000800000000| 12%|CA|  |TAMS 0x00000007ffc00000, 0x00000007ffc00000| Untracked 

Card table byte_map: [0x000000010de56000,0x000000010ee56000] _byte_map_base: 0x000000010ae56000

Marking Bits (Prev, Next): (CMBitMap*) 0x00007ff3d0808210, (CMBitMap*) 0x00007ff3d0808250
 Prev Bits: [0x00000001219cc000, 0x00000001299cc000)
 Next Bits: [0x00000001299cc000, 0x00000001319cc000)

Polling page: 0x00000001031d1000

Metaspace:

Usage:
  Non-class:      7.93 MB used.
      Class:      1.11 MB used.
       Both:      9.05 MB used.

Virtual space:
  Non-class space:       16.00 MB reserved,       8.06 MB ( 50%) committed,  2 nodes.
      Class space:        1.00 GB reserved,       1.19 MB ( <1%) committed,  1 nodes.
             Both:        1.02 GB reserved,       9.25 MB ( <1%) committed. 

Chunk freelists:
   Non-Class:  3.30 MB
       Class:  2.69 MB
        Both:  5.98 MB

MaxMetaspaceSize: unlimited
CompressedClassSpaceSize: 1.00 GB
Initial GC threshold: 21.00 MB
Current GC threshold: 21.00 MB
CDS: on
MetaspaceReclaimPolicy: balanced
 - commit_granule_bytes: 65536.
 - commit_granule_words: 8192.
 - virtual_space_node_default_size: 1048576.
 - enlarge_chunks_in_place: 1.
 - new_chunks_are_fully_committed: 0.
 - uncommit_free_chunks: 1.
 - use_allocation_guard: 0.
 - handle_deallocations: 1.


Internal statistics:

num_allocs_failed_limit: 0.
num_arena_births: 248.
num_arena_deaths: 0.
num_vsnodes_births: 3.
num_vsnodes_deaths: 0.
num_space_committed: 149.
num_space_uncommitted: 0.
num_chunks_returned_to_freelist: 0.
num_chunks_taken_from_freelist: 480.
num_chunk_merges: 0.
num_chunk_splits: 312.
num_chunks_enlarged: 214.
num_purges: 0.
num_inconsistent_stats: 0.

CodeHeap 'non-profiled nmethods': size=120028Kb used=569Kb max_used=569Kb free=119458Kb
 bounds [0x000000011a495000, 0x000000011a705000, 0x00000001219cc000]
CodeHeap 'profiled nmethods': size=120028Kb used=2349Kb max_used=2349Kb free=117678Kb
 bounds [0x0000000112f5e000, 0x00000001131ce000, 0x000000011a495000]
CodeHeap 'non-nmethods': size=5704Kb used=1179Kb max_used=1248Kb free=4524Kb
 bounds [0x00000001129cc000, 0x0000000112c3c000, 0x0000000112f5e000]
 total_blobs=1809 nmethods=1333 adapters=390
 compilation: enabled
              stopped_count=0, restarted_count=0
 full_count=0

Compilation events (20 events):
Event: 1.063 Thread 0x00007ff3e2810400 1299       3       jdk.internal.jimage.BasicImageReader::verifyLocation (39 bytes)
Event: 1.063 Thread 0x00007ff3e2810400 nmethod 1299 0x0000000113196890 code [0x0000000113196a60, 0x0000000113196d40]
Event: 1.064 Thread 0x00007ff3e2810400 1307   !   3       jdk.internal.loader.URLClassPath$JarLoader::getResource (354 bytes)
Event: 1.066 Thread 0x00007ff3e080b800 1311       4       jdk.internal.org.objectweb.asm.ByteVector::put12 (64 bytes)
Event: 1.068 Thread 0x00007ff3e2810400 nmethod 1307 0x0000000113196e90 code [0x0000000113197320, 0x00000001131994f0]
Event: 1.068 Thread 0x00007ff3e2810400 1310       3       java.lang.PublicMethods$Key::hashCode (19 bytes)
Event: 1.068 Thread 0x00007ff3e2810400 nmethod 1310 0x000000011319a710 code [0x000000011319a8c0, 0x000000011319aa50]
Event: 1.068 Thread 0x00007ff3e2810400 1308       3       jdk.internal.reflect.ConstantPool::getUTF8At (10 bytes)
Event: 1.068 Thread 0x00007ff3e2810400 nmethod 1308 0x000000011319ab10 code [0x000000011319acc0, 0x000000011319ae00]
Event: 1.068 Thread 0x00007ff3e080b800 nmethod 1311 0x000000011a512690 code [0x000000011a512820, 0x000000011a5129e8]
Event: 1.070 Thread 0x00007ff3e2810400 1312       1       java.util.logging.LogManager$LoggerContext::getOwner (5 bytes)
Event: 1.070 Thread 0x00007ff3e080b800 1313       4       java.lang.String::getBytes (44 bytes)
Event: 1.070 Thread 0x00007ff3e2810400 nmethod 1312 0x000000011a512b10 code [0x000000011a512ca0, 0x000000011a512d70]
Event: 1.072 Thread 0x00007ff3e080b800 nmethod 1313 0x000000011a512e10 code [0x000000011a512fa0, 0x000000011a5130f8]
Event: 1.075 Thread 0x00007ff3e080b800 1314       4       jdk.internal.loader.URLClassPath::getResource (74 bytes)
Event: 1.081 Thread 0x00007ff3e103d800 nmethod 1296 0x000000011a513210 code [0x000000011a513460, 0x000000011a514a40]
Event: 1.084 Thread 0x00007ff3e103d800 1315       4       java.util.Objects::equals (23 bytes)
Event: 1.085 Thread 0x00007ff3e103d800 nmethod 1315 0x000000011a515810 code [0x000000011a5159a0, 0x000000011a515a38]
Event: 1.086 Thread 0x00007ff3e2810400 1316       3       jdk.internal.org.objectweb.asm.FieldWriter::visitEnd (1 bytes)
Event: 1.086 Thread 0x00007ff3e2810400 nmethod 1316 0x000000011319ae90 code [0x000000011319b020, 0x000000011319b130]

GC Heap History (2 events):
Event: 0.948 GC heap before
{Heap before GC invocations=0 (full 0):
 garbage-first heap   total 532480K, used 28628K [0x0000000600000000, 0x0000000800000000)
  region size 4096K, 6 young (24576K), 0 survivors (0K)
 Metaspace       used 7540K, committed 7872K, reserved 1056768K
  class space    used 884K, committed 1024K, reserved 1048576K
}
Event: 0.954 GC heap after
{Heap after GC invocations=1 (full 0):
 garbage-first heap   total 532480K, used 8417K [0x0000000600000000, 0x0000000800000000)
  region size 4096K, 1 young (4096K), 1 survivors (4096K)
 Metaspace       used 7540K, committed 7872K, reserved 1056768K
  class space    used 884K, committed 1024K, reserved 1048576K
}

Deoptimization events (20 events):
Event: 0.893 Thread 0x00007ff3e100f800 Uncommon trap: trap_request=0xffffffc6 fr.pc=0x000000011a4e63d8 relative=0x0000000000000478
Event: 0.893 Thread 0x00007ff3e100f800 Uncommon trap: reason=bimorphic_or_optimized_type_check action=maybe_recompile pc=0x000000011a4e63d8 method=java.util.HashMap.getNode(Ljava/lang/Object;)Ljava/util/HashMap$Node; @ 128 c2
Event: 0.893 Thread 0x00007ff3e100f800 DEOPT PACKING pc=0x000000011a4e63d8 sp=0x0000700004a3c4b0
Event: 0.893 Thread 0x00007ff3e100f800 DEOPT UNPACKING pc=0x0000000112a1e099 sp=0x0000700004a3c448 mode 2
Event: 0.893 Thread 0x00007ff3e100f800 Uncommon trap: trap_request=0xffffffc6 fr.pc=0x000000011a4f8474 relative=0x0000000000000494
Event: 0.893 Thread 0x00007ff3e100f800 Uncommon trap: reason=bimorphic_or_optimized_type_check action=maybe_recompile pc=0x000000011a4f8474 method=java.util.HashMap.getNode(Ljava/lang/Object;)Ljava/util/HashMap$Node; @ 128 c2
Event: 0.893 Thread 0x00007ff3e100f800 DEOPT PACKING pc=0x000000011a4f8474 sp=0x0000700004a3c480
Event: 0.893 Thread 0x00007ff3e100f800 DEOPT UNPACKING pc=0x0000000112a1e099 sp=0x0000700004a3c3b8 mode 2
Event: 0.902 Thread 0x00007ff3e100f800 DEOPT PACKING pc=0x0000000112f9bd55 sp=0x0000700004a3b840
Event: 0.902 Thread 0x00007ff3e100f800 DEOPT UNPACKING pc=0x0000000112a1e82f sp=0x0000700004a3ad00 mode 0
Event: 0.966 Thread 0x00007ff3e10bb000 Uncommon trap: trap_request=0xffffffc6 fr.pc=0x000000011a50ce3c relative=0x000000000000145c
Event: 0.966 Thread 0x00007ff3e10bb000 Uncommon trap: reason=bimorphic_or_optimized_type_check action=maybe_recompile pc=0x000000011a50ce3c method=java.util.HashMap.putVal(ILjava/lang/Object;Ljava/lang/Object;ZZ)Ljava/lang/Object; @ 56 c2
Event: 0.966 Thread 0x00007ff3e10bb000 DEOPT PACKING pc=0x000000011a50ce3c sp=0x0000700006185320
Event: 0.966 Thread 0x00007ff3e10bb000 DEOPT UNPACKING pc=0x0000000112a1e099 sp=0x0000700006185250 mode 2
Event: 0.973 Thread 0x00007ff3e100f800 DEOPT PACKING pc=0x0000000113080fcb sp=0x0000700004a3a470
Event: 0.973 Thread 0x00007ff3e100f800 DEOPT UNPACKING pc=0x0000000112a1e82f sp=0x0000700004a398f0 mode 0
Event: 1.061 Thread 0x00007ff3e100f800 Uncommon trap: trap_request=0xffffffc6 fr.pc=0x000000011a4f8474 relative=0x0000000000000494
Event: 1.061 Thread 0x00007ff3e100f800 Uncommon trap: reason=bimorphic_or_optimized_type_check action=maybe_recompile pc=0x000000011a4f8474 method=java.util.HashMap.getNode(Ljava/lang/Object;)Ljava/util/HashMap$Node; @ 128 c2
Event: 1.061 Thread 0x00007ff3e100f800 DEOPT PACKING pc=0x000000011a4f8474 sp=0x0000700004a3b960
Event: 1.061 Thread 0x00007ff3e100f800 DEOPT UNPACKING pc=0x0000000112a1e099 sp=0x0000700004a3b898 mode 2

Classes unloaded (0 events):
No events

Classes redefined (0 events):
No events

Internal exceptions (20 events):
Event: 0.722 Thread 0x00007ff3e100f800 Exception <a 'java/lang/IncompatibleClassChangeError'{0x000000061ecb2378}: Found class java.lang.Object, but interface was expected> (0x000000061ecb2378) 
thrown [src/hotspot/share/interpreter/linkResolver.cpp, line 833]
Event: 0.737 Thread 0x00007ff3e100f800 Exception <a 'java/lang/NoSuchMethodError'{0x000000061ed28990}: 'java.lang.Object java.lang.invoke.Invokers$Holder.linkToTargetMethod(java.lang.Object, long, java.lang.Object)'> (0x000000061ed28990) 
thrown [src/hotspot/share/interpreter/linkResolver.cpp, line 766]
Event: 0.738 Thread 0x00007ff3e100f800 Exception <a 'java/lang/NoSuchMethodError'{0x000000061ed32f00}: 'java.lang.Object java.lang.invoke.DirectMethodHandle$Holder.newInvokeSpecial(java.lang.Object, java.lang.Object, int, java.lang.Object, java.lang.Object)'> (0x000000061ed32f00) 
thrown [src/hotspot/share/interpreter/linkResolver.cpp, line 766]
Event: 0.762 Thread 0x00007ff3e100f800 Exception <a 'java/lang/NoSuchMethodError'{0x000000061edbcd28}: 'java.lang.Object java.lang.invoke.DirectMethodHandle$Holder.newInvokeSpecial(java.lang.Object, int, java.lang.Object)'> (0x000000061edbcd28) 
thrown [src/hotspot/share/interpreter/linkResolver.cpp, line 766]
Event: 0.777 Thread 0x00007ff3e100f800 Exception <a 'java/lang/NoSuchMethodError'{0x000000061ee01b80}: 'java.lang.Object java.lang.invoke.DirectMethodHandle$Holder.invokeStatic(java.lang.Object, java.lang.Object, java.lang.Object, int, java.lang.Object, java.lang.Object)'> (0x000000061ee01b80) 
thrown [src/hotspot/share/interpreter/linkResolver.cpp, line 766]
Event: 0.778 Thread 0x00007ff3e100f800 Exception <a 'java/lang/NoSuchMethodError'{0x000000061ee0cb78}: 'java.lang.Object java.lang.invoke.DirectMethodHandle$Holder.newInvokeSpecial(java.lang.Object, java.lang.Object, java.lang.Object, int, java.lang.Object)'> (0x000000061ee0cb78) 
thrown [src/hotspot/share/interpreter/linkResolver.cpp, line 766]
Event: 0.779 Thread 0x00007ff3e100f800 Exception <a 'java/lang/NoSuchMethodError'{0x000000061ee14548}: 'java.lang.Object java.lang.invoke.Invokers$Holder.linkToTargetMethod(java.lang.Object, java.lang.Object, int, java.lang.Object, java.lang.Object)'> (0x000000061ee14548) 
thrown [src/hotspot/share/interpreter/linkResolver.cpp, line 766]
Event: 0.790 Thread 0x00007ff3e100f800 Exception <a 'java/lang/NoSuchMethodError'{0x000000061ee57100}: 'void java.lang.invoke.DirectMethodHandle$Holder.invokeStatic(java.lang.Object, java.lang.Object, java.lang.Object)'> (0x000000061ee57100) 
thrown [src/hotspot/share/interpreter/linkResolver.cpp, line 766]
Event: 0.823 Thread 0x00007ff3e100f800 Exception <a 'java/lang/NoSuchMethodError'{0x000000061ef4c398}: 'void java.lang.invoke.DirectMethodHandle$Holder.invokeInterface(java.lang.Object, java.lang.Object)'> (0x000000061ef4c398) 
thrown [src/hotspot/share/interpreter/linkResolver.cpp, line 766]
Event: 0.881 Thread 0x00007ff3e100f800 Exception <a 'java/lang/NoSuchMethodError'{0x000000061e98a7f8}: 'int java.lang.invoke.DirectMethodHandle$Holder.invokeStatic(java.lang.Object, java.lang.Object, int)'> (0x000000061e98a7f8) 
thrown [src/hotspot/share/interpreter/linkResolver.cpp, line 766]
Event: 0.947 Thread 0x00007ff3d0888c00 Exception <a 'java/lang/NoSuchMethodError'{0x000000061eb8ce90}: 'java.lang.Object java.lang.invoke.DirectMethodHandle$Holder.invokeStatic(java.lang.Object, java.lang.Object, long, java.lang.Object)'> (0x000000061eb8ce90) 
thrown [src/hotspot/share/interpreter/linkResolver.cpp, line 766]
Event: 0.954 Thread 0x00007ff3d0888c00 Exception <a 'java/lang/NoSuchMethodError'{0x000000061fc00a30}: 'java.lang.Object java.lang.invoke.DirectMethodHandle$Holder.invokeStaticInit(java.lang.Object, java.lang.Object, long, java.lang.Object)'> (0x000000061fc00a30) 
thrown [src/hotspot/share/interpreter/linkResolver.cpp, line 766]
Event: 0.956 Thread 0x00007ff3d0888c00 Exception <a 'java/lang/NoSuchMethodError'{0x000000061fc06ab8}: 'java.lang.Object java.lang.invoke.DirectMethodHandle$Holder.newInvokeSpecial(java.lang.Object, java.lang.Object, long)'> (0x000000061fc06ab8) 
thrown [src/hotspot/share/interpreter/linkResolver.cpp, line 766]
Event: 0.957 Thread 0x00007ff3d0888c00 Exception <a 'java/lang/NoSuchMethodError'{0x000000061fc0def0}: 'java.lang.Object java.lang.invoke.DirectMethodHandle$Holder.newInvokeSpecial(java.lang.Object, java.lang.Object, java.lang.Object, int)'> (0x000000061fc0def0) 
thrown [src/hotspot/share/interpreter/linkResolver.cpp, line 766]
Event: 0.957 Thread 0x00007ff3d0888c00 Exception <a 'java/lang/NoSuchMethodError'{0x000000061fc122d0}: 'java.lang.Object java.lang.invoke.DirectMethodHandle$Holder.invokeSpecial(java.lang.Object, java.lang.Object, java.lang.Object, java.lang.Object, int)'> (0x000000061fc122d0) 
thrown [src/hotspot/share/interpreter/linkResolver.cpp, line 766]
Event: 0.958 Thread 0x00007ff3d0888c00 Exception <a 'java/lang/NoSuchMethodError'{0x000000061fc15bf0}: 'java.lang.Object java.lang.invoke.Invokers$Holder.linkToTargetMethod(java.lang.Object, java.lang.Object, int, java.lang.Object)'> (0x000000061fc15bf0) 
thrown [src/hotspot/share/interpreter/linkResolver.cpp, line 766]
Event: 1.009 Thread 0x00007ff3e100f800 Exception <a 'java/lang/NoSuchMethodError'{0x000000061fdf6a40}: 'java.lang.Object java.lang.invoke.DirectMethodHandle$Holder.invokeInterface(java.lang.Object, java.lang.Object, java.lang.Object)'> (0x000000061fdf6a40) 
thrown [src/hotspot/share/interpreter/linkResolver.cpp, line 766]
Event: 1.010 Thread 0x00007ff3e100f800 Exception <a 'java/lang/IncompatibleClassChangeError'{0x000000061fdfa3c8}: Found class java.lang.Object, but interface was expected> (0x000000061fdfa3c8) 
thrown [src/hotspot/share/interpreter/linkResolver.cpp, line 833]
Event: 1.012 Thread 0x00007ff3e100f800 Exception <a 'java/lang/NoSuchMethodError'{0x000000061fe02c58}: 'int java.lang.invoke.DirectMethodHandle$Holder.invokeSpecialIFC(java.lang.Object, java.lang.Object, java.lang.Object, java.lang.Object)'> (0x000000061fe02c58) 
thrown [src/hotspot/share/interpreter/linkResolver.cpp, line 766]
Event: 1.086 Thread 0x00007ff3e100f800 Exception <a 'java/lang/NoSuchMethodError'{0x000000061f935918}: 'void java.lang.invoke.DirectMethodHandle$Holder.invokeStaticInit(java.lang.Object, java.lang.Object)'> (0x000000061f935918) 
thrown [src/hotspot/share/interpreter/linkResolver.cpp, line 766]

VM Operations (20 events):
Event: 0.474 Executing VM operation: HandshakeAllThreads
Event: 0.474 Executing VM operation: HandshakeAllThreads done
Event: 0.537 Executing VM operation: HandshakeAllThreads
Event: 0.537 Executing VM operation: HandshakeAllThreads done
Event: 0.768 Executing VM operation: HandshakeAllThreads
Event: 0.768 Executing VM operation: HandshakeAllThreads done
Event: 0.784 Executing VM operation: HandshakeAllThreads
Event: 0.784 Executing VM operation: HandshakeAllThreads done
Event: 0.796 Executing VM operation: ICBufferFull
Event: 0.796 Executing VM operation: ICBufferFull done
Event: 0.837 Executing VM operation: HandshakeAllThreads
Event: 0.837 Executing VM operation: HandshakeAllThreads done
Event: 0.947 Executing VM operation: G1CollectForAllocation
Event: 0.954 Executing VM operation: G1CollectForAllocation done
Event: 0.964 Executing VM operation: HandshakeAllThreads
Event: 0.964 Executing VM operation: HandshakeAllThreads done
Event: 0.964 Executing VM operation: HandshakeAllThreads
Event: 0.964 Executing VM operation: HandshakeAllThreads done
Event: 0.966 Executing VM operation: HandshakeAllThreads
Event: 0.966 Executing VM operation: HandshakeAllThreads done

Events (20 events):
Event: 0.966 loading class sun/net/www/http/KeepAliveCache$1
Event: 0.966 loading class sun/net/www/http/KeepAliveCache$1 done
Event: 0.966 Thread 0x00007ff3e20d0800 Thread added: 0x00007ff3e20d0800
Event: 0.966 loading class sun/net/www/http/ClientVector
Event: 0.966 Protecting memory [0x0000700006cd1000,0x0000700006cd5000] with protection modes 0
Event: 0.966 loading class sun/net/www/http/ClientVector done
Event: 0.966 loading class sun/net/www/http/KeepAliveEntry
Event: 0.966 loading class sun/net/www/http/KeepAliveEntry done
Event: 1.011 loading class java/util/stream/ReduceOps$1
Event: 1.011 loading class java/util/stream/ReduceOps$1 done
Event: 1.011 loading class java/util/stream/ReduceOps$1ReducingSink
Event: 1.011 loading class java/util/stream/ReduceOps$1ReducingSink done
Event: 1.061 loading class jdk/internal/misc/ScopedMemoryAccess$Scope
Event: 1.061 loading class jdk/internal/misc/ScopedMemoryAccess$Scope done
Event: 1.064 Thread 0x00007ff3d0822800 Thread added: 0x00007ff3d0822800
Event: 1.064 Protecting memory [0x0000700006dd4000,0x0000700006dd8000] with protection modes 0
Event: 1.068 loading class java/io/UncheckedIOException
Event: 1.068 loading class java/io/UncheckedIOException done
Event: 1.087 Thread 0x00007ff3b1870200 Thread added: 0x00007ff3b1870200
Event: 1.087 Protecting memory [0x0000700006ed7000,0x0000700006edb000] with protection modes 0


Dynamic libraries:
0x000000010319e000 	/Library/Java/JavaVirtualMachines/temurin-17.jdk/Contents/Home/lib/libjli.dylib
0x00007ff82a414000 	/usr/lib/libz.1.dylib
0x00007ff82a4f4000 	/usr/lib/libSystem.B.dylib
0x00007ff82a4ef000 	/usr/lib/system/libcache.dylib
0x00007ff82a4ab000 	/usr/lib/system/libcommonCrypto.dylib
0x00007ff82a4d4000 	/usr/lib/system/libcompiler_rt.dylib
0x00007ff82a4ca000 	/usr/lib/system/libcopyfile.dylib
0x00007ff81f510000 	/usr/lib/system/libcorecrypto.dylib
0x00007ff81f5cf000 	/usr/lib/system/libdispatch.dylib
0x00007ff81f78e000 	/usr/lib/system/libdyld.dylib
0x00007ff82a4e6000 	/usr/lib/system/libkeymgr.dylib
0x00007ff82a489000 	/usr/lib/system/libmacho.dylib
0x00007ff829b19000 	/usr/lib/system/libquarantine.dylib
0x00007ff82a4e4000 	/usr/lib/system/libremovefile.dylib
0x00007ff8246f2000 	/usr/lib/system/libsystem_asl.dylib
0x00007ff81f4be000 	/usr/lib/system/libsystem_blocks.dylib
0x00007ff81f653000 	/usr/lib/system/libsystem_c.dylib
0x00007ff82a4dc000 	/usr/lib/system/libsystem_collections.dylib
0x00007ff828dc1000 	/usr/lib/system/libsystem_configuration.dylib
0x00007ff828082000 	/usr/lib/system/libsystem_containermanager.dylib
0x00007ff82a1c6000 	/usr/lib/system/libsystem_coreservices.dylib
0x00007ff821db8000 	/usr/lib/system/libsystem_darwin.dylib
0x00007ff82a4e7000 	/usr/lib/system/libsystem_dnssd.dylib
0x00007ff81f650000 	/usr/lib/system/libsystem_featureflags.dylib
0x00007ff81f7a4000 	/usr/lib/system/libsystem_info.dylib
0x00007ff82a427000 	/usr/lib/system/libsystem_m.dylib
0x00007ff81f5a3000 	/usr/lib/system/libsystem_malloc.dylib
0x00007ff82468f000 	/usr/lib/system/libsystem_networkextension.dylib
0x00007ff8221e0000 	/usr/lib/system/libsystem_notify.dylib
0x00007ff830663000 	/usr/lib/system/libsystem_product_info_filter.dylib
0x00007ff828dc5000 	/usr/lib/system/libsystem_sandbox.dylib
0x00007ff82a4e1000 	/usr/lib/system/libsystem_secinit.dylib
0x00007ff81f74b000 	/usr/lib/system/libsystem_kernel.dylib
0x00007ff81f79a000 	/usr/lib/system/libsystem_platform.dylib
0x00007ff81f782000 	/usr/lib/system/libsystem_pthread.dylib
0x00007ff825f47000 	/usr/lib/system/libsystem_symptoms.dylib
0x00007ff81f4f7000 	/usr/lib/system/libsystem_trace.dylib
0x00007ff82a4b7000 	/usr/lib/system/libunwind.dylib
0x00007ff81f4c0000 	/usr/lib/system/libxpc.dylib
0x00007ff81f735000 	/usr/lib/libc++abi.dylib
0x00007ff81f616000 	/usr/lib/libobjc.A.dylib
0x00007ff82a4c2000 	/usr/lib/liboah.dylib
0x00007ff81f6dc000 	/usr/lib/libc++.1.dylib
0x00007ff8363b9000 	/System/Library/Frameworks/Cocoa.framework/Versions/A/Cocoa
0x00007ff82223e000 	/System/Library/Frameworks/AppKit.framework/Versions/C/AppKit
0x00007ff825734000 	/System/Library/Frameworks/CoreData.framework/Versions/A/CoreData
0x00007ff820655000 	/System/Library/Frameworks/Foundation.framework/Versions/C/Foundation
0x00007ff8230cd000 	/System/Library/PrivateFrameworks/UIFoundation.framework/Versions/A/UIFoundation
0x00007ff83036a000 	/System/Library/PrivateFrameworks/RemoteViewServices.framework/Versions/A/RemoteViewServices
0x00007ff82875a000 	/System/Library/PrivateFrameworks/XCTTargetBootstrap.framework/Versions/A/XCTTargetBootstrap
0x00007ff82c304000 	/System/Library/PrivateFrameworks/InternationalSupport.framework/Versions/A/InternationalSupport
0x00007ff82c38e000 	/System/Library/PrivateFrameworks/UserActivity.framework/Versions/A/UserActivity
0x00007ff82b6e4000 	/usr/lib/libspindump.dylib
0x00007ff82335b000 	/System/Library/Frameworks/UniformTypeIdentifiers.framework/Versions/A/UniformTypeIdentifiers
0x00007ff826e97000 	/usr/lib/libapp_launch_measurement.dylib
0x00007ff826100000 	/System/Library/PrivateFrameworks/CoreAnalytics.framework/Versions/A/CoreAnalytics
0x00007ff826e9a000 	/System/Library/PrivateFrameworks/CoreAutoLayout.framework/Versions/A/CoreAutoLayout
0x00007ff8280ba000 	/System/Library/Frameworks/Metal.framework/Versions/A/Metal
0x00007ff828dd0000 	/usr/lib/liblangid.dylib
0x00007ff82875e000 	/System/Library/PrivateFrameworks/CoreSVG.framework/Versions/A/CoreSVG
0x00007ff824722000 	/System/Library/PrivateFrameworks/SkyLight.framework/Versions/A/SkyLight
0x00007ff824ab5000 	/System/Library/Frameworks/CoreGraphics.framework/Versions/A/CoreGraphics
0x00007ff8309d9000 	/System/Library/Frameworks/Accelerate.framework/Versions/A/Accelerate
0x00007ff82b15f000 	/System/Library/PrivateFrameworks/IconServices.framework/Versions/A/IconServices
0x00007ff82809f000 	/System/Library/Frameworks/IOSurface.framework/Versions/A/IOSurface
0x00007ff82612e000 	/usr/lib/libDiagnosticMessagesClient.dylib
0x00007ff834048000 	/System/Library/Frameworks/ApplicationServices.framework/Versions/A/ApplicationServices
0x00007ff828746000 	/System/Library/PrivateFrameworks/DFRFoundation.framework/Versions/A/DFRFoundation
0x00007ff821b2f000 	/usr/lib/libicucore.A.dylib
0x00007ff82d029000 	/System/Library/Frameworks/AudioToolbox.framework/Versions/A/AudioToolbox
0x00007ff82c310000 	/System/Library/PrivateFrameworks/DataDetectorsCore.framework/Versions/A/DataDetectorsCore
0x00007ff927c6f000 	/System/Library/PrivateFrameworks/TextInput.framework/Versions/A/TextInput
0x00007ff8246a6000 	/usr/lib/libMobileGestalt.dylib
0x00007ff82844e000 	/System/Library/Frameworks/Carbon.framework/Versions/A/Frameworks/HIToolbox.framework/Versions/A/HIToolbox
0x00007ff8268c4000 	/System/Library/Frameworks/QuartzCore.framework/Versions/A/QuartzCore
0x00007ff8217cf000 	/System/Library/Frameworks/Security.framework/Versions/A/Security
0x00007ff8303a2000 	/System/Library/Frameworks/Carbon.framework/Versions/A/Frameworks/SpeechRecognition.framework/Versions/A/SpeechRecognition
0x00007ff826bf7000 	/System/Library/PrivateFrameworks/CoreUI.framework/Versions/A/CoreUI
0x00007ff8210a7000 	/System/Library/Frameworks/CoreAudio.framework/Versions/A/CoreAudio
0x00007ff82621c000 	/System/Library/Frameworks/DiskArbitration.framework/Versions/A/DiskArbitration
0x00007ff82bacb000 	/System/Library/PrivateFrameworks/MultitouchSupport.framework/Versions/A/MultitouchSupport
0x00007ff8246a5000 	/usr/lib/libenergytrace.dylib
0x00007ff82212a000 	/System/Library/Frameworks/IOKit.framework/Versions/A/IOKit
0x00007ff83078e000 	/System/Library/Frameworks/CoreServices.framework/Versions/A/CoreServices
0x00007ff826e31000 	/System/Library/PrivateFrameworks/PerformanceAnalysis.framework/Versions/A/PerformanceAnalysis
0x00007ffa3743a000 	/System/Library/Frameworks/OpenGL.framework/Versions/A/OpenGL
0x00007ff829a45000 	/System/Library/PrivateFrameworks/MobileKeyBag.framework/Versions/A/MobileKeyBag
0x00007ff825181000 	/System/Library/Frameworks/ColorSync.framework/Versions/A/ColorSync
0x00007ff81f7cf000 	/System/Library/Frameworks/CoreFoundation.framework/Versions/A/CoreFoundation
0x00007ff8289d7000 	/System/Library/Frameworks/CoreImage.framework/Versions/A/CoreImage
0x00007ff820ebd000 	/System/Library/Frameworks/CoreText.framework/Versions/A/CoreText
0x00007ff82878d000 	/System/Library/Frameworks/ImageIO.framework/Versions/A/ImageIO
0x00007ff82a4fa000 	/System/Library/PrivateFrameworks/SoftLinking.framework/Versions/A/SoftLinking
0x00007ff826ee2000 	/usr/lib/libxml2.2.dylib
0x00007ff82a77e000 	/usr/lib/libcompression.dylib
0x00007ff82c23a000 	/System/Library/PrivateFrameworks/TextureIO.framework/Versions/A/TextureIO
0x00007ff82ae71000 	/usr/lib/libate.dylib
0x00007ff82ac4f000 	/usr/lib/liblzma.5.dylib
0x00007ff820366000 	/System/Library/Frameworks/SystemConfiguration.framework/Versions/A/SystemConfiguration
0x00007ff82a4f6000 	/usr/lib/libfakelink.dylib
0x00007ff8241f8000 	/System/Library/Frameworks/CFNetwork.framework/Versions/A/CFNetwork
0x00007ff82a635000 	/usr/lib/libarchive.2.dylib
0x00007ff828dcc000 	/System/Library/PrivateFrameworks/AppleSystemInfo.framework/Versions/A/AppleSystemInfo
0x00007ff829b40000 	/usr/lib/libbsm.0.dylib
0x00007ff82382e000 	/usr/lib/libnetwork.dylib
0x00007ff82a48f000 	/usr/lib/system/libkxld.dylib
0x00007ff82976e000 	/System/Library/PrivateFrameworks/IOMobileFramebuffer.framework/Versions/A/IOMobileFramebuffer
0x00007ffb351e8000 	/usr/lib/libCoreEntitlements.dylib
0x00007ff82a1a8000 	/System/Library/PrivateFrameworks/AppleFSCompression.framework/Versions/A/AppleFSCompression
0x00007ff829b28000 	/usr/lib/libcoretls.dylib
0x00007ff82ac69000 	/usr/lib/libcoretls_cfhelpers.dylib
0x00007ff82a779000 	/usr/lib/libpam.2.dylib
0x00007ff825b69000 	/usr/lib/libsqlite3.dylib
0x00007ff82acd8000 	/usr/lib/libxar.1.dylib
0x00007ff82a1b8000 	/usr/lib/libbz2.1.0.dylib
0x00007ff82a4fb000 	/usr/lib/libpcap.A.dylib
0x00007ff825f3e000 	/usr/lib/libdns_services.dylib
0x00007ff82a748000 	/usr/lib/libapple_nghttp2.dylib
0x00007ff82a532000 	/usr/lib/libiconv.2.dylib
0x00007ff82a488000 	/usr/lib/libcharset.1.dylib
0x00007ff826e65000 	/System/Library/Frameworks/CoreServices.framework/Versions/A/Frameworks/FSEvents.framework/Versions/A/FSEvents
0x00007ff821dc2000 	/System/Library/Frameworks/CoreServices.framework/Versions/A/Frameworks/CarbonCore.framework/Versions/A/CarbonCore
0x00007ff826181000 	/System/Library/Frameworks/CoreServices.framework/Versions/A/Frameworks/Metadata.framework/Versions/A/Metadata
0x00007ff82a1cb000 	/System/Library/Frameworks/CoreServices.framework/Versions/A/Frameworks/OSServices.framework/Versions/A/OSServices
0x00007ff82a6bc000 	/System/Library/Frameworks/CoreServices.framework/Versions/A/Frameworks/SearchKit.framework/Versions/A/SearchKit
0x00007ff825ed0000 	/System/Library/Frameworks/CoreServices.framework/Versions/A/Frameworks/AE.framework/Versions/A/AE
0x00007ff81fcd2000 	/System/Library/Frameworks/CoreServices.framework/Versions/A/Frameworks/LaunchServices.framework/Versions/A/LaunchServices
0x00007ff82ac00000 	/System/Library/Frameworks/CoreServices.framework/Versions/A/Frameworks/DictionaryServices.framework/Versions/A/DictionaryServices
0x00007ff826e72000 	/System/Library/Frameworks/CoreServices.framework/Versions/A/Frameworks/SharedFileList.framework/Versions/A/SharedFileList
0x00007ff829b1c000 	/usr/lib/libCheckFix.dylib
0x00007ff824709000 	/System/Library/PrivateFrameworks/TCC.framework/Versions/A/TCC
0x00007ff828dd2000 	/System/Library/PrivateFrameworks/CoreNLP.framework/Versions/A/CoreNLP
0x00007ff826131000 	/System/Library/PrivateFrameworks/MetadataUtilities.framework/Versions/A/MetadataUtilities
0x00007ff820416000 	/usr/lib/libmecabra.dylib
0x00007ff829b50000 	/usr/lib/libmecab.dylib
0x00007ff8203e1000 	/usr/lib/libCRFSuite.dylib
0x00007ff829bad000 	/usr/lib/libgermantok.dylib
0x00007ff82a723000 	/usr/lib/libThaiTokenizer.dylib
0x00007ff826223000 	/System/Library/Frameworks/Accelerate.framework/Versions/A/Frameworks/vImage.framework/Versions/A/vImage
0x00007ff830765000 	/System/Library/Frameworks/Accelerate.framework/Versions/A/Frameworks/vecLib.framework/Versions/A/vecLib
0x00007ff82ad19000 	/System/Library/Frameworks/Accelerate.framework/Versions/A/Frameworks/vecLib.framework/Versions/A/libvMisc.dylib
0x00007ff82958c000 	/System/Library/Frameworks/Accelerate.framework/Versions/A/Frameworks/vecLib.framework/Versions/A/libvDSP.dylib
0x00007ff82004a000 	/System/Library/Frameworks/Accelerate.framework/Versions/A/Frameworks/vecLib.framework/Versions/A/libBLAS.dylib
0x00007ff82a85a000 	/System/Library/Frameworks/Accelerate.framework/Versions/A/Frameworks/vecLib.framework/Versions/A/libLAPACK.dylib
0x00007ff829bb0000 	/System/Library/Frameworks/Accelerate.framework/Versions/A/Frameworks/vecLib.framework/Versions/A/libLinearAlgebra.dylib
0x00007ff82a761000 	/System/Library/Frameworks/Accelerate.framework/Versions/A/Frameworks/vecLib.framework/Versions/A/libSparseBLAS.dylib
0x00007ff82a854000 	/System/Library/Frameworks/Accelerate.framework/Versions/A/Frameworks/vecLib.framework/Versions/A/libQuadrature.dylib
0x00007ff828ebc000 	/System/Library/Frameworks/Accelerate.framework/Versions/A/Frameworks/vecLib.framework/Versions/A/libBNNS.dylib
0x00007ff8202f7000 	/System/Library/Frameworks/Accelerate.framework/Versions/A/Frameworks/vecLib.framework/Versions/A/libSparse.dylib
0x00007ff828eb5000 	/System/Library/PrivateFrameworks/LinguisticData.framework/Versions/A/LinguisticData
0x00007ff8202ac000 	/System/Library/PrivateFrameworks/Lexicon.framework/Versions/A/Lexicon
0x00007ff82ad12000 	/usr/lib/libChineseTokenizer.dylib
0x00007ff820a10000 	/System/Library/PrivateFrameworks/LanguageModeling.framework/Versions/A/LanguageModeling
0x00007ff82a725000 	/System/Library/PrivateFrameworks/AppleSauce.framework/Versions/A/AppleSauce
0x00007ff82975c000 	/System/Library/PrivateFrameworks/CoreEmoji.framework/Versions/A/CoreEmoji
0x00007ff82a624000 	/usr/lib/libcmph.dylib
0x00007ff826e49000 	/System/Library/Frameworks/OpenDirectory.framework/Versions/A/Frameworks/CFOpenDirectory.framework/Versions/A/CFOpenDirectory
0x00007ff826e3d000 	/System/Library/Frameworks/OpenDirectory.framework/Versions/A/OpenDirectory
0x00007ff82ac6b000 	/System/Library/PrivateFrameworks/APFS.framework/Versions/A/APFS
0x00007ff829a7d000 	/System/Library/Frameworks/SecurityFoundation.framework/Versions/A/SecurityFoundation
0x00007ff82ace6000 	/usr/lib/libutil.dylib
0x00007ff8220ed000 	/System/Library/PrivateFrameworks/CoreServicesStore.framework/Versions/A/CoreServicesStore
0x00007ff82acea000 	/usr/lib/libxslt.1.dylib
0x00007ff829b0a000 	/System/Library/PrivateFrameworks/BackgroundTaskManagement.framework/Versions/A/BackgroundTaskManagement
0x00007ff82c15a000 	/System/Library/Frameworks/ImageIO.framework/Versions/A/Resources/libRadiance.dylib
0x00007ff82c163000 	/System/Library/Frameworks/ImageIO.framework/Versions/A/Resources/libJPEG.dylib
0x00007ff82c0b3000 	/System/Library/Frameworks/ImageIO.framework/Versions/A/Resources/libPng.dylib
0x00007ff82c0d4000 	/System/Library/Frameworks/ImageIO.framework/Versions/A/Resources/libTIFF.dylib
0x00007ff82c1c3000 	/System/Library/Frameworks/ImageIO.framework/Versions/A/Resources/libGIF.dylib
0x00007ff82b9e4000 	/System/Library/Frameworks/ImageIO.framework/Versions/A/Resources/libJP2.dylib
0x00007ff82b126000 	/usr/lib/libexpat.1.dylib
0x00007ff82b999000 	/System/Library/PrivateFrameworks/AppleJPEG.framework/Versions/A/AppleJPEG
0x00007ff828315000 	/System/Library/PrivateFrameworks/FontServices.framework/libFontParser.dylib
0x00007ff825e7a000 	/System/Library/PrivateFrameworks/RunningBoardServices.framework/Versions/A/RunningBoardServices
0x00007ff836933000 	/System/Library/PrivateFrameworks/IOSurfaceAccelerator.framework/Versions/A/IOSurfaceAccelerator
0x00007ff82bac7000 	/System/Library/PrivateFrameworks/WatchdogClient.framework/Versions/A/WatchdogClient
0x00007ff820aff000 	/System/Library/Frameworks/CoreDisplay.framework/Versions/A/CoreDisplay
0x00007ff828214000 	/System/Library/Frameworks/CoreMedia.framework/Versions/A/CoreMedia
0x00007ff8280b1000 	/System/Library/PrivateFrameworks/IOAccelerator.framework/Versions/A/IOAccelerator
0x00007ff826fc5000 	/System/Library/Frameworks/CoreVideo.framework/Versions/A/CoreVideo
0x00007ff82a777000 	/System/Library/Frameworks/MetalPerformanceShaders.framework/Versions/A/MetalPerformanceShaders
0x00007ff82bb02000 	/System/Library/Frameworks/VideoToolbox.framework/Versions/A/VideoToolbox
0x00007ff825dc2000 	/System/Library/PrivateFrameworks/BaseBoard.framework/Versions/A/BaseBoard
0x00007ff825b4f000 	/System/Library/PrivateFrameworks/ProtocolBuffer.framework/Versions/A/ProtocolBuffer
0x00007ff82c153000 	/System/Library/PrivateFrameworks/GPUWrangler.framework/Versions/A/GPUWrangler
0x00007ff82c136000 	/System/Library/PrivateFrameworks/IOPresentment.framework/Versions/A/IOPresentment
0x00007ff82c15d000 	/System/Library/PrivateFrameworks/DSExternalDisplay.framework/Versions/A/DSExternalDisplay
0x00007ffa3742e000 	/System/Library/Frameworks/OpenGL.framework/Versions/A/Libraries/libCoreFSCache.dylib
0x00007ffb234d2000 	/System/Library/PrivateFrameworks/GPUCompiler.framework/Versions/31001/Libraries/libGPUCompilerUtils.dylib
0x00007ff82c1c8000 	/System/Library/PrivateFrameworks/CMCaptureCore.framework/Versions/A/CMCaptureCore
0x00007ff82b6d2000 	/System/Library/PrivateFrameworks/AppServerSupport.framework/Versions/A/AppServerSupport
0x00007ff82d8af000 	/System/Library/PrivateFrameworks/perfdata.framework/Versions/A/perfdata
0x00007ff820c2b000 	/System/Library/PrivateFrameworks/AudioToolboxCore.framework/Versions/A/AudioToolboxCore
0x00007ff8281f1000 	/System/Library/PrivateFrameworks/caulk.framework/Versions/A/caulk
0x00007ff82d1d3000 	/usr/lib/libAudioStatistics.dylib
0x00007ff924500000 	/System/Library/PrivateFrameworks/SystemPolicy.framework/Versions/A/SystemPolicy
0x00007ff82d428000 	/usr/lib/libSMC.dylib
0x00007ff83626c000 	/System/Library/Frameworks/CoreMIDI.framework/Versions/A/CoreMIDI
0x00007ff82c083000 	/usr/lib/libAudioToolboxUtility.dylib
0x00007ff920912000 	/System/Library/PrivateFrameworks/OSAServicesClient.framework/Versions/A/OSAServicesClient
0x00007ff82d8bc000 	/usr/lib/libperfcheck.dylib
0x00007ff924f92000 	/usr/lib/libmis.dylib
0x00007ffa3748a000 	/System/Library/Frameworks/OpenGL.framework/Versions/A/Libraries/libGLU.dylib
0x00007ffa3744d000 	/System/Library/Frameworks/OpenGL.framework/Versions/A/Libraries/libGFXShared.dylib
0x00007ffa3765b000 	/System/Library/Frameworks/OpenGL.framework/Versions/A/Libraries/libGL.dylib
0x00007ffa37456000 	/System/Library/Frameworks/OpenGL.framework/Versions/A/Libraries/libGLImage.dylib
0x00007ffa3744a000 	/System/Library/Frameworks/OpenGL.framework/Versions/A/Libraries/libCVMSPluginSupport.dylib
0x00007ffa37435000 	/System/Library/Frameworks/OpenGL.framework/Versions/A/Libraries/libCoreVMClient.dylib
0x00007ff828d50000 	/System/Library/Frameworks/MetalPerformanceShaders.framework/Versions/A/Frameworks/MPSCore.framework/Versions/A/MPSCore
0x00007ff82a113000 	/System/Library/Frameworks/MetalPerformanceShaders.framework/Versions/A/Frameworks/MPSImage.framework/Versions/A/MPSImage
0x00007ff829bc6000 	/System/Library/Frameworks/MetalPerformanceShaders.framework/Versions/A/Frameworks/MPSNeuralNetwork.framework/Versions/A/MPSNeuralNetwork
0x00007ff82a03b000 	/System/Library/Frameworks/MetalPerformanceShaders.framework/Versions/A/Frameworks/MPSMatrix.framework/Versions/A/MPSMatrix
0x00007ff829df7000 	/System/Library/Frameworks/MetalPerformanceShaders.framework/Versions/A/Frameworks/MPSRayIntersector.framework/Versions/A/MPSRayIntersector
0x00007ff82a074000 	/System/Library/Frameworks/MetalPerformanceShaders.framework/Versions/A/Frameworks/MPSNDArray.framework/Versions/A/MPSNDArray
0x00007ffa3c04c000 	/System/Library/Frameworks/MetalPerformanceShaders.framework/Versions/A/Frameworks/MPSFunctions.framework/Versions/A/MPSFunctions
0x00007ff81ff2d000 	/System/Library/PrivateFrameworks/MetalTools.framework/Versions/A/MetalTools
0x00007ff828dca000 	/System/Library/PrivateFrameworks/AggregateDictionary.framework/Versions/A/AggregateDictionary
0x00007ff82af08000 	/usr/lib/libIOReport.dylib
0x00007ffa38a6a000 	/System/Library/Frameworks/OpenCL.framework/Versions/A/OpenCL
0x00007ff82b26c000 	/System/Library/PrivateFrameworks/FaceCore.framework/Versions/A/FaceCore
0x00007ff82b25d000 	/System/Library/PrivateFrameworks/GraphVisualizer.framework/Versions/A/GraphVisualizer
0x00007ffb233dd000 	/System/Library/PrivateFrameworks/FontServices.framework/Versions/A/FontServices
0x00007ff82b689000 	/System/Library/PrivateFrameworks/OTSVG.framework/Versions/A/OTSVG
0x00007ff826bad000 	/System/Library/Frameworks/ApplicationServices.framework/Versions/A/Frameworks/ATS.framework/Versions/A/Resources/libFontRegistry.dylib
0x00007ff82b6da000 	/System/Library/PrivateFrameworks/FontServices.framework/libhvf.dylib
0x00007ffb233de000 	/System/Library/PrivateFrameworks/FontServices.framework/libXTFontStaticRegistryData.dylib
0x00007ff82b0d6000 	/System/Library/PrivateFrameworks/AppleVA.framework/Versions/A/AppleVA
0x00007ff82d1f7000 	/System/Library/Frameworks/ApplicationServices.framework/Versions/A/Frameworks/ATS.framework/Versions/A/ATS
0x00007ff82527d000 	/System/Library/Frameworks/ApplicationServices.framework/Versions/A/Frameworks/HIServices.framework/Versions/A/HIServices
0x00007ff82c1d2000 	/System/Library/Frameworks/ApplicationServices.framework/Versions/A/Frameworks/PrintCore.framework/Versions/A/PrintCore
0x00007ff82d57b000 	/System/Library/Frameworks/ApplicationServices.framework/Versions/A/Frameworks/QD.framework/Versions/A/QD
0x00007ff82d573000 	/System/Library/Frameworks/ApplicationServices.framework/Versions/A/Frameworks/ColorSyncLegacy.framework/Versions/A/ColorSyncLegacy
0x00007ff82d1e7000 	/System/Library/Frameworks/ApplicationServices.framework/Versions/A/Frameworks/SpeechSynthesis.framework/Versions/A/SpeechSynthesis
0x00007ff82c193000 	/System/Library/Frameworks/ApplicationServices.framework/Versions/A/Frameworks/ATSUI.framework/Versions/A/ATSUI
0x00007ff82d508000 	/usr/lib/libcups.2.dylib
0x00007ff82d8cb000 	/System/Library/Frameworks/Kerberos.framework/Versions/A/Kerberos
0x00007ff82d8da000 	/System/Library/Frameworks/GSS.framework/Versions/A/GSS
0x00007ff82d263000 	/usr/lib/libresolv.9.dylib
0x00007ff82b6e9000 	/System/Library/PrivateFrameworks/Heimdal.framework/Versions/A/Heimdal
0x00007ff8343c3000 	/System/Library/Frameworks/Kerberos.framework/Versions/A/Libraries/libHeimdalProxy.dylib
0x00007ff825f4f000 	/System/Library/Frameworks/Network.framework/Versions/A/Network
0x00007ff82b140000 	/usr/lib/libheimdal-asn1.dylib
0x00007ff82d926000 	/System/Library/PrivateFrameworks/CommonAuth.framework/Versions/A/CommonAuth
0x00007ff82d164000 	/System/Library/PrivateFrameworks/AudioSession.framework/Versions/A/AudioSession
0x00007ff82b1d0000 	/System/Library/PrivateFrameworks/MediaExperience.framework/Versions/A/MediaExperience
0x00007ff82cff8000 	/System/Library/PrivateFrameworks/AudioSession.framework/libSessionUtility.dylib
0x00007ff82d587000 	/System/Library/PrivateFrameworks/AudioResourceArbitration.framework/Versions/A/AudioResourceArbitration
0x00007ff831578000 	/System/Library/PrivateFrameworks/PowerLog.framework/Versions/A/PowerLog
0x00007ff82b149000 	/System/Library/PrivateFrameworks/IconFoundation.framework/Versions/A/IconFoundation
0x00007ff830392000 	/System/Library/PrivateFrameworks/SpeechRecognitionCore.framework/Versions/A/SpeechRecognitionCore
0x00000001042fa000 	/Library/Java/JavaVirtualMachines/temurin-17.jdk/Contents/Home/lib/server/libjvm.dylib
0x00000001031dd000 	/Library/Java/JavaVirtualMachines/temurin-17.jdk/Contents/Home/lib/libjimage.dylib
0x00000001031f9000 	/Library/Java/JavaVirtualMachines/temurin-17.jdk/Contents/Home/lib/libinstrument.dylib
0x0000000103234000 	/Library/Java/JavaVirtualMachines/temurin-17.jdk/Contents/Home/lib/libjava.dylib
0x00000001034fa000 	/Library/Java/JavaVirtualMachines/temurin-17.jdk/Contents/Home/lib/libzip.dylib
0x0000000103508000 	/Library/Java/JavaVirtualMachines/temurin-17.jdk/Contents/Home/lib/libnio.dylib
0x000000010351d000 	/Library/Java/JavaVirtualMachines/temurin-17.jdk/Contents/Home/lib/libnet.dylib
0x0000000103221000 	/Library/Java/JavaVirtualMachines/temurin-17.jdk/Contents/Home/lib/libextnet.dylib
0x0000000103549000 	/Library/Java/JavaVirtualMachines/temurin-17.jdk/Contents/Home/lib/libverify.dylib


VM Arguments:
jvm_args: -ea -Didea.test.cyclic.buffer.size=1048576 -javaagent:/Applications/IntelliJ IDEA.app/Contents/lib/idea_rt.jar=61931:/Applications/IntelliJ IDEA.app/Contents/bin -Dfile.encoding=UTF-8 
java_command: com.intellij.rt.testng.RemoteTestNGStarter -usedefaultlisteners false -socket61930 @w@/private/var/folders/5s/r45ms75d7ydfv1p3hzj891xc0000gn/T/idea_working_dirs_testng.tmp -temp /private/var/folders/5s/r45ms75d7ydfv1p3hzj891xc0000gn/T/idea_testng.tmp
java_class_path (initial): /Applications/IntelliJ IDEA.app/Contents/lib/idea_rt.jar:/Applications/IntelliJ IDEA.app/Contents/plugins/testng/lib/testng-rt.jar:/Users/fayeemmooktadeer/Desktop/LearningJava/appiumWeeks/appiumCamp/Week0/day1/AppiumEnvironmentConfig/target/test-classes:/Users/fayeemmooktadeer/Desktop/LearningJava/appiumWeeks/appiumCamp/Week0/day1/AppiumEnvironmentConfig/target/classes:/Users/fayeemmooktadeer/.m2/repository/io/appium/java-client/8.2.1/java-client-8.2.1.jar:/Users/fayeemmooktadeer/.m2/repository/org/seleniumhq/selenium/selenium-support/4.7.2/selenium-support-4.7.2.jar:/Users/fayeemmooktadeer/.m2/repository/com/google/code/gson/gson/2.10/gson-2.10.jar:/Users/fayeemmooktadeer/.m2/repository/cglib/cglib/3.3.0/cglib-3.3.0.jar:/Users/fayeemmooktadeer/.m2/repository/org/ow2/asm/asm/7.1/asm-7.1.jar:/Users/fayeemmooktadeer/.m2/repository/commons-validator/commons-validator/1.7/commons-validator-1.7.jar:/Users/fayeemmooktadeer/.m2/repository/commons-beanutils/commons-beanutils/1.9.4/commons-beanutils-1.9.4.jar:/Users/fayeemmooktadeer/.m2/repository/commons-digester/commons-digester/2.1/commons-digester-2.1.jar:/Users/fayeemmooktadeer/.m2/repository/commons-logging/commons-logging/1.2/commons-logging-1.2.jar:/Users/fayeemmooktadeer/.m2/repository/commons-collections/commons-collections/3.2.2/commons-collections-3.2.2.jar:/Users/fayeemmooktadeer/.m2/repository/org/apache/commons/commons-lang3/3.12.0/commons-lang3-3.12.0.jar:/Users/fayeemmooktadeer/.m2/repository/commons-io/commons-io/2.11.0/commons-io-2.11.0.jar:/Users/fayeemmooktadeer/.m2/repository/org/slf4j/slf4j-api/2.0.4/slf4j-api-2.0.4.jar:/Users/fayeemmooktadeer/.m2/repository/org/seleniumhq/selenium/selenium-java/4.6.0/selenium-java-4.6.0.jar:/Users/fayeemmooktadeer/.m2/repository/org/seleniumhq/selenium/selenium-chrome-driver/4.6.0/selenium-chrome-driver-4.6.0.jar:/Users/fayeemmooktadeer/.m2/repository/org/seleniumhq/selenium/selenium-chromium-driver/4.6.0/selenium-chromium-driver-4.6.0.jar
Launcher Type: SUN_STANDARD

[Global flags]
     intx CICompilerCount                          = 4                                         {product} {ergonomic}
     uint ConcGCThreads                            = 3                                         {product} {ergonomic}
     uint G1ConcRefinementThreads                  = 10                                        {product} {ergonomic}
   size_t G1HeapRegionSize                         = 4194304                                   {product} {ergonomic}
    uintx GCDrainStackTargetSize                   = 64                                        {product} {ergonomic}
   size_t InitialHeapSize                          = 536870912                                 {product} {ergonomic}
   size_t MarkStackSize                            = 4194304                                   {product} {ergonomic}
   size_t MaxHeapSize                              = 8589934592                                {product} {ergonomic}
   size_t MaxNewSize                               = 5150605312                                {product} {ergonomic}
   size_t MinHeapDeltaBytes                        = 4194304                                   {product} {ergonomic}
   size_t MinHeapSize                              = 8388608                                   {product} {ergonomic}
    uintx NonNMethodCodeHeapSize                   = 5839372                                {pd product} {ergonomic}
    uintx NonProfiledCodeHeapSize                  = 122909434                              {pd product} {ergonomic}
    uintx ProfiledCodeHeapSize                     = 122909434                              {pd product} {ergonomic}
    uintx ReservedCodeCacheSize                    = 251658240                              {pd product} {ergonomic}
     bool SegmentedCodeCache                       = true                                      {product} {ergonomic}
   size_t SoftMaxHeapSize                          = 8589934592                             {manageable} {ergonomic}
     bool UseCompressedClassPointers               = true                           {product lp64_product} {ergonomic}
     bool UseCompressedOops                        = true                           {product lp64_product} {ergonomic}
     bool UseG1GC                                  = true                                      {product} {ergonomic}
     bool UseNUMA                                  = false                                     {product} {ergonomic}
     bool UseNUMAInterleaving                      = false                                     {product} {ergonomic}

Logging:
Log output configuration:
 #0: stdout all=warning uptime,level,tags
 #1: stderr all=off uptime,level,tags

Environment Variables:
JAVA_HOME=/Users/fayeemmooktadeer/Library/Java/JavaVirtualMachines/openjdk-19/Contents/Home
PATH=/Users/fayeemmooktadeer/Library/Android/sdk/platform-tools:/Users/fayeemmooktadeer/Library/Android/sdk/tools/bin:/users/fayeemmooktadeer/Library/Android/sdk/tools:/Users/fayeemmooktadeer/Downloads/apache-maven-3.8.6/bin:/usr/local/bin:/usr/bin:/bin:/usr/sbin:/sbin:/usr/local/share/dotnet:~/.dotnet/tools:/usr/local/mysql-8.0.31-macos12-x86_64/bin}
SHELL=/bin/bash
LC_CTYPE=en_US.UTF-8

Signal Handlers:
   SIGSEGV: crash_handler in libjvm.dylib, mask=11100110000111110111111111111111, flags=SA_RESTART|SA_SIGINFO
    SIGBUS: crash_handler in libjvm.dylib, mask=11100110000111110111111111111111, flags=SA_RESTART|SA_SIGINFO
    SIGFPE: crash_handler in libjvm.dylib, mask=11100110000111110111111111111111, flags=SA_RESTART|SA_SIGINFO
   SIGPIPE: javaSignalHandler in libjvm.dylib, mask=11100110000111110111111111111111, flags=SA_RESTART|SA_SIGINFO
   SIGXFSZ: javaSignalHandler in libjvm.dylib, mask=11100110000111110111111111111111, flags=SA_RESTART|SA_SIGINFO
    SIGILL: crash_handler in libjvm.dylib, mask=11100110000111110111111111111111, flags=SA_RESTART|SA_SIGINFO
   SIGUSR2: SR_handler in libjvm.dylib, mask=00100000000000000000000000000000, flags=SA_RESTART|SA_SIGINFO
    SIGHUP: UserHandler in libjvm.dylib, mask=11100110000111110111111111111111, flags=SA_RESTART|SA_SIGINFO
    SIGINT: UserHandler in libjvm.dylib, mask=11100110000111110111111111111111, flags=SA_RESTART|SA_SIGINFO
   SIGTERM: UserHandler in libjvm.dylib, mask=11100110000111110111111111111111, flags=SA_RESTART|SA_SIGINFO
   SIGQUIT: UserHandler in libjvm.dylib, mask=11100110000111110111111111111111, flags=SA_RESTART|SA_SIGINFO
   SIGTRAP: crash_handler in libjvm.dylib, mask=11100110000111110111111111111111, flags=SA_RESTART|SA_SIGINFO


---------------  S Y S T E M  ---------------

OS:
uname: Darwin 21.2.0 Darwin Kernel Version 21.2.0: Sun Nov 28 20:28:54 PST 2021; root:xnu-8019.61.5~1/RELEASE_X86_64 x86_64
OS uptime: 0 days 4:45 hours
rlimit (soft/hard): STACK 8192k/65532k , CORE 0k/infinity , NPROC 5568/8352 , NOFILE 10240/infinity , AS infinity/infinity , CPU infinity/infinity , DATA infinity/infinity , FSIZE infinity/infinity , MEMLOCK infinity/infinity , RSS infinity/infinity
load average: 3.51 2.74 2.30

CPU: total 12 (initial active 12) (6 cores per cpu, 2 threads per core) family 6 model 158 stepping 10 microcode 0xea, cx8, cmov, fxsr, ht, mmx, 3dnowpref, sse, sse2, sse3, ssse3, sse4.1, sse4.2, popcnt, lzcnt, tsc, tscinvbit, avx, avx2, aes, erms, clmul, bmi1, bmi2, adx, fma, vzeroupper, clflush, clflushopt

Memory: 4k page, physical 33554432k(742972k free), swap 0k(0k free)

vm_info: OpenJDK 64-Bit Server VM (17.0.1+12) for bsd-amd64 JRE (17.0.1+12), built on Oct 20 2021 13:44:50 by "jenkins" with clang 4.2.1 Compatible Apple LLVM 10.0.1 (clang-1001.0.46.4)

END.
